[0.043s] Invoking command in '/home/dimsum/caato2_ws/src/caato2/build/caato2_gazebo': CMAKE_PREFIX_PATH=/home/dimsum/caato2_ws/src/caato2/install/caato2_description:${CMAKE_PREFIX_PATH} PKG_CONFIG_PATH=/home/dimsum/caato2_ws/src/caato2/install/caato2_description/lib/x86_64-linux-gnu/pkgconfig:/home/dimsum/caato2_ws/src/caato2/install/caato2_description/lib/pkgconfig:${PKG_CONFIG_PATH} ROS_PACKAGE_PATH=/home/dimsum/caato2_ws/src/caato2/install/caato2_description/share:${ROS_PACKAGE_PATH} /usr/bin/cmake /home/dimsum/caato2_ws/src/caato2/caato2_gazebo -DCATKIN_INSTALL_INTO_PREFIX_ROOT=0 -DCMAKE_INSTALL_PREFIX=/home/dimsum/caato2_ws/src/caato2/install/caato2_gazebo
[0.118s] -- The C compiler identification is GNU 9.4.0
[0.291s] -- The CXX compiler identification is GNU 9.4.0
[0.301s] -- Check for working C compiler: /usr/bin/cc
[0.415s] -- Check for working C compiler: /usr/bin/cc -- works
[0.416s] -- Detecting C compiler ABI info
[0.530s] -- Detecting C compiler ABI info - done
[0.546s] -- Detecting C compile features
[0.547s] -- Detecting C compile features - done
[0.550s] -- Check for working CXX compiler: /usr/bin/c++
[0.632s] -- Check for working CXX compiler: /usr/bin/c++ -- works
[0.633s] -- Detecting CXX compiler ABI info
[0.701s] -- Detecting CXX compiler ABI info - done
[0.714s] -- Detecting CXX compile features
[0.715s] -- Detecting CXX compile features - done
[0.721s] -- Using CATKIN_DEVEL_PREFIX: /home/dimsum/caato2_ws/src/caato2/build/caato2_gazebo/devel
[0.721s] -- Using CMAKE_PREFIX_PATH: /home/dimsum/caato2_ws/src/caato2/install/caato2_description;/home/dimsum/caato2_ws/install/check_charging;/home/dimsum/caato2_ws/install/xnergy_charger_rcu;/home/dimsum/caato2_ws/install/trolley_arm;/home/dimsum/caato2_ws/install/teleop_twist_joy;/home/dimsum/caato2_ws/install/rviz_atc_plugins;/home/dimsum/caato2_ws/install/rosserial_xbee;/home/dimsum/caato2_ws/install/rosserial_windows;/home/dimsum/caato2_ws/install/rosserial_vex_v5;/home/dimsum/caato2_ws/install/rosserial_vex_cortex;/home/dimsum/caato2_ws/install/rosserial_tivac;/home/dimsum/caato2_ws/install/rosserial_test;/home/dimsum/caato2_ws/install/rosserial_server;/home/dimsum/caato2_ws/install/rosserial_arduino;/home/dimsum/caato2_ws/install/rosserial_python;/home/dimsum/caato2_ws/install/rosserial_mbed;/home/dimsum/caato2_ws/install/rosserial_embeddedlinux;/home/dimsum/caato2_ws/install/rosserial_chibios;/home/dimsum/caato2_ws/install/rosserial_client;/home/dimsum/caato2_ws/install/rosserial_msgs;/home/dimsum/caato2_ws/install/caato_teleop;/home/dimsum/caato2_ws/install/caato_slam;/home/dimsum/caato2_ws/install/caato_navigation;/home/dimsum/caato2_ws/install/caato_bringup;/home/dimsum/caato2_ws/install/caato2_navigation;/home/dimsum/caato2_ws/install/caato2_examples;/home/dimsum/caato2_ws/install/caato2_bringup;/home/dimsum/caato2_ws/install/roboteq_diff_driver;/home/dimsum/caato2_ws/install/roboteq_diff_msgs;/home/dimsum/caato2_ws/install/realsense_gazebo_plugin;/home/dimsum/caato2_ws/install/realsense2_description;/home/dimsum/caato2_ws/install/realsense2_camera;/home/dimsum/caato2_ws/install/plc_modbus_node;/home/dimsum/caato2_ws/install/ouster_example;/home/dimsum/caato2_ws/install/ouster-gazebo-simulation;/home/dimsum/caato2_ws/install/map_server;/home/dimsum/caato2_ws/install/laser_filters;/home/dimsum/caato2_ws/install/ira_laser_tools;/home/dimsum/caato2_ws/install/eband_local_planner;/home/dimsum/caato2_ws/install/ds4_driver;/home/dimsum/caato2_ws/install/device_diagnostics;/home/dimsum/caato2_ws/install/decada_sim_assets;/home/dimsum/caato2_ws/install/caato_gazebo;/home/dimsum/caato2_ws/install/caato_fleet_client;/home/dimsum/caato2_ws/install/caato_description;/home/dimsum/caato2_ws/install/caato_alexa;/home/dimsum/caato2_ws/install/caato2_reverse_docker;/home/dimsum/caato2_ws/install/caato2_stm;/home/dimsum/caato2_ws/install/caato2_gazebo;/home/dimsum/caato2_ws/install/caato2_description;/home/dimsum/caato2_ws/install/atc_waypoints;/home/dimsum/caato2_ws/install/atc_stm;/home/dimsum/caato2_ws/install/atc_utils;/home/dimsum/caato2_ws/install/atc_msgs;/home/dimsum/caato2_ws/install/apriltag_ros;/home/dimsum/caato2_ws/install/apriltag;/home/dimsum/caato2_ws/install/Project;/opt/ros/noetic
[0.722s] -- This workspace overlays: /home/dimsum/caato2_ws/src/caato2/install/caato2_description;/home/dimsum/caato2_ws/install/check_charging;/home/dimsum/caato2_ws/install/xnergy_charger_rcu;/home/dimsum/caato2_ws/install/trolley_arm;/home/dimsum/caato2_ws/install/teleop_twist_joy;/home/dimsum/caato2_ws/install/rviz_atc_plugins;/home/dimsum/caato2_ws/install/rosserial_xbee;/home/dimsum/caato2_ws/install/rosserial_windows;/home/dimsum/caato2_ws/install/rosserial_vex_v5;/home/dimsum/caato2_ws/install/rosserial_vex_cortex;/home/dimsum/caato2_ws/install/rosserial_tivac;/home/dimsum/caato2_ws/install/rosserial_test;/home/dimsum/caato2_ws/install/rosserial_server;/home/dimsum/caato2_ws/install/rosserial_arduino;/home/dimsum/caato2_ws/install/rosserial_python;/home/dimsum/caato2_ws/install/rosserial_mbed;/home/dimsum/caato2_ws/install/rosserial_embeddedlinux;/home/dimsum/caato2_ws/install/rosserial_chibios;/home/dimsum/caato2_ws/install/rosserial_client;/home/dimsum/caato2_ws/install/rosserial_msgs;/home/dimsum/caato2_ws/install/caato_teleop;/home/dimsum/caato2_ws/install/caato_slam;/home/dimsum/caato2_ws/install/caato_navigation;/home/dimsum/caato2_ws/install/caato_bringup;/home/dimsum/caato2_ws/install/caato2_navigation;/home/dimsum/caato2_ws/install/caato2_examples;/home/dimsum/caato2_ws/install/caato2_bringup;/home/dimsum/caato2_ws/install/roboteq_diff_driver;/home/dimsum/caato2_ws/install/roboteq_diff_msgs;/home/dimsum/caato2_ws/install/realsense_gazebo_plugin;/home/dimsum/caato2_ws/install/realsense2_description;/home/dimsum/caato2_ws/install/realsense2_camera;/home/dimsum/caato2_ws/install/plc_modbus_node;/home/dimsum/caato2_ws/install/ouster_example;/home/dimsum/caato2_ws/install/ouster-gazebo-simulation;/home/dimsum/caato2_ws/install/map_server;/home/dimsum/caato2_ws/install/laser_filters;/home/dimsum/caato2_ws/install/ira_laser_tools;/home/dimsum/caato2_ws/install/eband_local_planner;/home/dimsum/caato2_ws/install/ds4_driver;/home/dimsum/caato2_ws/install/device_diagnostics;/home/dimsum/caato2_ws/install/decada_sim_assets;/home/dimsum/caato2_ws/install/caato_gazebo;/home/dimsum/caato2_ws/install/caato_fleet_client;/home/dimsum/caato2_ws/install/caato_description;/home/dimsum/caato2_ws/install/caato_alexa;/home/dimsum/caato2_ws/install/caato2_reverse_docker;/home/dimsum/caato2_ws/install/caato2_stm;/home/dimsum/caato2_ws/install/caato2_gazebo;/home/dimsum/caato2_ws/install/caato2_description;/home/dimsum/caato2_ws/install/atc_waypoints;/home/dimsum/caato2_ws/install/atc_stm;/home/dimsum/caato2_ws/install/atc_utils;/home/dimsum/caato2_ws/install/atc_msgs;/home/dimsum/caato2_ws/install/apriltag_ros;/home/dimsum/caato2_ws/install/Project;/opt/ros/noetic
[0.747s] -- Found PythonInterp: /usr/bin/python3 (found suitable version "3.8.10", minimum required is "3") 
[0.747s] -- Using PYTHON_EXECUTABLE: /usr/bin/python3
[0.747s] -- Using Debian Python package layout
[0.780s] -- Found PY_em: /usr/lib/python3/dist-packages/em.py  
[0.780s] -- Using empy: /usr/lib/python3/dist-packages/em.py
[0.885s] -- Using CATKIN_ENABLE_TESTING: ON
[0.885s] -- Call enable_testing()
[0.887s] -- Using CATKIN_TEST_RESULTS_DIR: /home/dimsum/caato2_ws/src/caato2/build/caato2_gazebo/test_results
[1.183s] -- Forcing gtest/gmock from source, though one was otherwise available.
[1.183s] -- Found gtest sources under '/usr/src/googletest': gtests will be built
[1.183s] -- Found gmock sources under '/usr/src/googletest': gmock will be built
[1.211s] -- Found PythonInterp: /usr/bin/python3 (found version "3.8.10") 
[1.214s] -- Found Threads: TRUE  
[1.221s] -- Using Python nosetests: /usr/bin/nosetests3
[1.280s] -- catkin 0.8.10
[1.280s] -- BUILD_SHARED_LIBS is on
[1.527s] Invoked command in '/home/dimsum/caato2_ws/src/caato2/build/caato2_gazebo' returned '-2': CMAKE_PREFIX_PATH=/home/dimsum/caato2_ws/src/caato2/install/caato2_description:${CMAKE_PREFIX_PATH} PKG_CONFIG_PATH=/home/dimsum/caato2_ws/src/caato2/install/caato2_description/lib/x86_64-linux-gnu/pkgconfig:/home/dimsum/caato2_ws/src/caato2/install/caato2_description/lib/pkgconfig:${PKG_CONFIG_PATH} ROS_PACKAGE_PATH=/home/dimsum/caato2_ws/src/caato2/install/caato2_description/share:${ROS_PACKAGE_PATH} /usr/bin/cmake /home/dimsum/caato2_ws/src/caato2/caato2_gazebo -DCATKIN_INSTALL_INTO_PREFIX_ROOT=0 -DCMAKE_INSTALL_PREFIX=/home/dimsum/caato2_ws/src/caato2/install/caato2_gazebo
