[0.035s] Invoking command in '/home/dimsum/caato2_ws/src/caato2/build/caato2_description': /usr/bin/cmake /home/dimsum/caato2_ws/src/caato2/caato2_description -DCATKIN_INSTALL_INTO_PREFIX_ROOT=0 -DCMAKE_INSTALL_PREFIX=/home/dimsum/caato2_ws/src/caato2/install/caato2_description
[0.107s] -- The C compiler identification is GNU 9.4.0
[0.160s] -- The CXX compiler identification is GNU 9.4.0
[0.166s] -- Check for working C compiler: /usr/bin/cc
[0.220s] -- Check for working C compiler: /usr/bin/cc -- works
[0.221s] -- Detecting C compiler ABI info
[0.274s] -- Detecting C compiler ABI info - done
[0.285s] -- Detecting C compile features
[0.286s] -- Detecting C compile features - done
[0.288s] -- Check for working CXX compiler: /usr/bin/c++
[0.348s] -- Check for working CXX compiler: /usr/bin/c++ -- works
[0.349s] -- Detecting CXX compiler ABI info
[0.412s] -- Detecting CXX compiler ABI info - done
[0.423s] -- Detecting CXX compile features
[0.424s] -- Detecting CXX compile features - done
[0.428s] -- Using CATKIN_DEVEL_PREFIX: /home/dimsum/caato2_ws/src/caato2/build/caato2_description/devel
[0.429s] -- Using CMAKE_PREFIX_PATH: /home/dimsum/caato2_ws/install/xnergy_charger_rcu;/home/dimsum/caato2_ws/install/trolley_arm;/home/dimsum/caato2_ws/install/teleop_twist_joy;/home/dimsum/caato2_ws/install/rviz_atc_plugins;/home/dimsum/caato2_ws/install/rosserial_xbee;/home/dimsum/caato2_ws/install/rosserial_windows;/home/dimsum/caato2_ws/install/rosserial_vex_v5;/home/dimsum/caato2_ws/install/rosserial_vex_cortex;/home/dimsum/caato2_ws/install/rosserial_tivac;/home/dimsum/caato2_ws/install/rosserial_test;/home/dimsum/caato2_ws/install/rosserial_server;/home/dimsum/caato2_ws/install/rosserial_arduino;/home/dimsum/caato2_ws/install/rosserial_python;/home/dimsum/caato2_ws/install/rosserial_mbed;/home/dimsum/caato2_ws/install/rosserial_embeddedlinux;/home/dimsum/caato2_ws/install/rosserial_chibios;/home/dimsum/caato2_ws/install/rosserial_client;/home/dimsum/caato2_ws/install/rosserial_msgs;/home/dimsum/caato2_ws/install/caato_teleop;/home/dimsum/caato2_ws/install/caato_slam;/home/dimsum/caato2_ws/install/caato_navigation;/home/dimsum/caato2_ws/install/caato_bringup;/home/dimsum/caato2_ws/install/caato2_navigation;/home/dimsum/caato2_ws/install/caato2_examples;/home/dimsum/caato2_ws/install/caato2_bringup;/home/dimsum/caato2_ws/install/roboteq_diff_driver;/home/dimsum/caato2_ws/install/roboteq_diff_msgs;/home/dimsum/caato2_ws/install/realsense_gazebo_plugin;/home/dimsum/caato2_ws/install/realsense2_description;/home/dimsum/caato2_ws/install/realsense2_camera;/home/dimsum/caato2_ws/install/plc_modbus_node;/home/dimsum/caato2_ws/install/ouster_example;/home/dimsum/caato2_ws/install/ouster-gazebo-simulation;/home/dimsum/caato2_ws/install/map_server;/home/dimsum/caato2_ws/install/laser_filters;/home/dimsum/caato2_ws/install/ira_laser_tools;/home/dimsum/caato2_ws/install/eband_local_planner;/home/dimsum/caato2_ws/install/ds4_driver;/home/dimsum/caato2_ws/install/device_diagnostics;/home/dimsum/caato2_ws/install/decada_sim_assets;/home/dimsum/caato2_ws/install/caato_gazebo;/home/dimsum/caato2_ws/install/caato_fleet_client;/home/dimsum/caato2_ws/install/caato_description;/home/dimsum/caato2_ws/install/caato_alexa;/home/dimsum/caato2_ws/install/caato2_reverse_docker;/home/dimsum/caato2_ws/install/caato2_stm;/home/dimsum/caato2_ws/install/caato2_gazebo;/home/dimsum/caato2_ws/install/caato2_description;/home/dimsum/caato2_ws/install/atc_waypoints;/home/dimsum/caato2_ws/install/atc_stm;/home/dimsum/caato2_ws/install/atc_utils;/home/dimsum/caato2_ws/install/atc_msgs;/home/dimsum/caato2_ws/install/apriltag_ros;/home/dimsum/caato2_ws/install/apriltag;/home/dimsum/caato2_ws/install/Project;/opt/ros/noetic
[0.429s] -- This workspace overlays: /home/dimsum/caato2_ws/install/xnergy_charger_rcu;/home/dimsum/caato2_ws/install/trolley_arm;/home/dimsum/caato2_ws/install/teleop_twist_joy;/home/dimsum/caato2_ws/install/rviz_atc_plugins;/home/dimsum/caato2_ws/install/rosserial_xbee;/home/dimsum/caato2_ws/install/rosserial_windows;/home/dimsum/caato2_ws/install/rosserial_vex_v5;/home/dimsum/caato2_ws/install/rosserial_vex_cortex;/home/dimsum/caato2_ws/install/rosserial_tivac;/home/dimsum/caato2_ws/install/rosserial_test;/home/dimsum/caato2_ws/install/rosserial_server;/home/dimsum/caato2_ws/install/rosserial_arduino;/home/dimsum/caato2_ws/install/rosserial_python;/home/dimsum/caato2_ws/install/rosserial_mbed;/home/dimsum/caato2_ws/install/rosserial_embeddedlinux;/home/dimsum/caato2_ws/install/rosserial_chibios;/home/dimsum/caato2_ws/install/rosserial_client;/home/dimsum/caato2_ws/install/rosserial_msgs;/home/dimsum/caato2_ws/install/caato_teleop;/home/dimsum/caato2_ws/install/caato_slam;/home/dimsum/caato2_ws/install/caato_navigation;/home/dimsum/caato2_ws/install/caato_bringup;/home/dimsum/caato2_ws/install/caato2_navigation;/home/dimsum/caato2_ws/install/caato2_examples;/home/dimsum/caato2_ws/install/caato2_bringup;/home/dimsum/caato2_ws/install/roboteq_diff_driver;/home/dimsum/caato2_ws/install/roboteq_diff_msgs;/home/dimsum/caato2_ws/install/realsense_gazebo_plugin;/home/dimsum/caato2_ws/install/realsense2_description;/home/dimsum/caato2_ws/install/realsense2_camera;/home/dimsum/caato2_ws/install/plc_modbus_node;/home/dimsum/caato2_ws/install/ouster_example;/home/dimsum/caato2_ws/install/ouster-gazebo-simulation;/home/dimsum/caato2_ws/install/map_server;/home/dimsum/caato2_ws/install/laser_filters;/home/dimsum/caato2_ws/install/ira_laser_tools;/home/dimsum/caato2_ws/install/eband_local_planner;/home/dimsum/caato2_ws/install/ds4_driver;/home/dimsum/caato2_ws/install/device_diagnostics;/home/dimsum/caato2_ws/install/decada_sim_assets;/home/dimsum/caato2_ws/install/caato_gazebo;/home/dimsum/caato2_ws/install/caato_fleet_client;/home/dimsum/caato2_ws/install/caato_description;/home/dimsum/caato2_ws/install/caato_alexa;/home/dimsum/caato2_ws/install/caato2_reverse_docker;/home/dimsum/caato2_ws/install/caato2_stm;/home/dimsum/caato2_ws/install/caato2_gazebo;/home/dimsum/caato2_ws/install/caato2_description;/home/dimsum/caato2_ws/install/atc_waypoints;/home/dimsum/caato2_ws/install/atc_stm;/home/dimsum/caato2_ws/install/atc_utils;/home/dimsum/caato2_ws/install/atc_msgs;/home/dimsum/caato2_ws/install/apriltag_ros;/home/dimsum/caato2_ws/install/Project;/opt/ros/noetic
[0.451s] -- Found PythonInterp: /usr/bin/python3 (found suitable version "3.8.10", minimum required is "3") 
[0.451s] -- Using PYTHON_EXECUTABLE: /usr/bin/python3
[0.451s] -- Using Debian Python package layout
[0.487s] -- Found PY_em: /usr/lib/python3/dist-packages/em.py  
[0.488s] -- Using empy: /usr/lib/python3/dist-packages/em.py
[0.604s] -- Using CATKIN_ENABLE_TESTING: ON
[0.604s] -- Call enable_testing()
[0.616s] -- Using CATKIN_TEST_RESULTS_DIR: /home/dimsum/caato2_ws/src/caato2/build/caato2_description/test_results
[0.870s] -- Forcing gtest/gmock from source, though one was otherwise available.
[0.870s] -- Found gtest sources under '/usr/src/googletest': gtests will be built
[0.870s] -- Found gmock sources under '/usr/src/googletest': gmock will be built
[0.893s] -- Found PythonInterp: /usr/bin/python3 (found version "3.8.10") 
[0.895s] -- Found Threads: TRUE  
[0.899s] -- Using Python nosetests: /usr/bin/nosetests3
[0.952s] -- catkin 0.8.10
[0.952s] -- BUILD_SHARED_LIBS is on
[1.405s] -- Configuring done
[1.416s] -- Generating done
[1.419s] -- Build files have been written to: /home/dimsum/caato2_ws/src/caato2/build/caato2_description
[1.425s] Invoked command in '/home/dimsum/caato2_ws/src/caato2/build/caato2_description' returned '0': /usr/bin/cmake /home/dimsum/caato2_ws/src/caato2/caato2_description -DCATKIN_INSTALL_INTO_PREFIX_ROOT=0 -DCMAKE_INSTALL_PREFIX=/home/dimsum/caato2_ws/src/caato2/install/caato2_description
[1.428s] Invoking command in '/home/dimsum/caato2_ws/src/caato2/build/caato2_description': /usr/bin/cmake --build /home/dimsum/caato2_ws/src/caato2/build/caato2_description -- -j12 -l12
[1.463s] Invoked command in '/home/dimsum/caato2_ws/src/caato2/build/caato2_description' returned '0': /usr/bin/cmake --build /home/dimsum/caato2_ws/src/caato2/build/caato2_description -- -j12 -l12
[1.494s] Invoking command in '/home/dimsum/caato2_ws/src/caato2/build/caato2_description': /usr/bin/cmake --build /home/dimsum/caato2_ws/src/caato2/build/caato2_description --target tests -- -j12 -l12
[1.541s] [35m[1mScanning dependencies of target tests[0m
[1.551s] Built target tests
[1.561s] Invoked command in '/home/dimsum/caato2_ws/src/caato2/build/caato2_description' returned '0': /usr/bin/cmake --build /home/dimsum/caato2_ws/src/caato2/build/caato2_description --target tests -- -j12 -l12
[1.604s] Invoking command in '/home/dimsum/caato2_ws/src/caato2/build/caato2_description': /usr/bin/cmake --install /home/dimsum/caato2_ws/src/caato2/build/caato2_description
[1.612s] -- Install configuration: ""
[1.612s] -- Installing: /home/dimsum/caato2_ws/src/caato2/install/caato2_description/lib/pkgconfig/caato2_description.pc
[1.613s] -- Installing: /home/dimsum/caato2_ws/src/caato2/install/caato2_description/share/caato2_description/cmake/caato2_descriptionConfig.cmake
[1.613s] -- Installing: /home/dimsum/caato2_ws/src/caato2/install/caato2_description/share/caato2_description/cmake/caato2_descriptionConfig-version.cmake
[1.613s] -- Installing: /home/dimsum/caato2_ws/src/caato2/install/caato2_description/share/caato2_description/package.xml
[1.613s] -- Installing: /home/dimsum/caato2_ws/src/caato2/install/caato2_description/share/caato2_description/meshes
[1.613s] -- Installing: /home/dimsum/caato2_ws/src/caato2/install/caato2_description/share/caato2_description/meshes/wheels
[1.613s] -- Installing: /home/dimsum/caato2_ws/src/caato2/install/caato2_description/share/caato2_description/meshes/wheels/Wheel.stl
[1.624s] -- Installing: /home/dimsum/caato2_ws/src/caato2/install/caato2_description/share/caato2_description/meshes/wheels/caster_wheel.stl
[1.627s] -- Installing: /home/dimsum/caato2_ws/src/caato2/install/caato2_description/share/caato2_description/meshes/sensors
[1.627s] -- Installing: /home/dimsum/caato2_ws/src/caato2/install/caato2_description/share/caato2_description/meshes/sensors/pal.stl
[1.628s] -- Installing: /home/dimsum/caato2_ws/src/caato2/install/caato2_description/share/caato2_description/meshes/sensors/hokuyo_laser_scanner.stl
[1.629s] -- Installing: /home/dimsum/caato2_ws/src/caato2/install/caato2_description/share/caato2_description/meshes/bases
[1.629s] -- Installing: /home/dimsum/caato2_ws/src/caato2/install/caato2_description/share/caato2_description/meshes/bases/body_with_arm.stl
[1.656s] -- Installing: /home/dimsum/caato2_ws/src/caato2/install/caato2_description/share/caato2_description/meshes/bases/body_caato2_3d_lidar.stl
[1.671s] -- Installing: /home/dimsum/caato2_ws/src/caato2/install/caato2_description/share/caato2_description/meshes/bases/Body.stl
[1.700s] -- Installing: /home/dimsum/caato2_ws/src/caato2/install/caato2_description/share/caato2_description/urdf
[1.700s] -- Installing: /home/dimsum/caato2_ws/src/caato2/install/caato2_description/share/caato2_description/urdf/accessories
[1.700s] -- Installing: /home/dimsum/caato2_ws/src/caato2/install/caato2_description/share/caato2_description/urdf/accessories/caato2.gazebo.xacro
[1.700s] -- Installing: /home/dimsum/caato2_ws/src/caato2/install/caato2_description/share/caato2_description/urdf/accessories/sick_scan.urdf.xacro
[1.701s] -- Installing: /home/dimsum/caato2_ws/src/caato2/install/caato2_description/share/caato2_description/urdf/accessories/caato2_no_fp.gazebo.xacro
[1.701s] -- Installing: /home/dimsum/caato2_ws/src/caato2/install/caato2_description/share/caato2_description/urdf/common_properties.xacro
[1.701s] -- Installing: /home/dimsum/caato2_ws/src/caato2/install/caato2_description/share/caato2_description/urdf/caato2.urdf.xacro
[1.702s] -- Installing: /home/dimsum/caato2_ws/src/caato2/install/caato2_description/share/caato2_description/urdf/caato2_3d_nb.urdf.xacro
[1.702s] -- Installing: /home/dimsum/caato2_ws/src/caato2/install/caato2_description/share/caato2_description/urdf/no_fp_caato2_3d.urdf.xacro
[1.702s] -- Installing: /home/dimsum/caato2_ws/src/caato2/install/caato2_description/share/caato2_description/urdf/caato2_3d.urdf.xacro
[1.702s] -- Installing: /home/dimsum/caato2_ws/src/caato2/install/caato2_description/share/caato2_description/urdf/caato2_gazebo_3d.urdf.xacro
[1.702s] -- Installing: /home/dimsum/caato2_ws/src/caato2/install/caato2_description/share/caato2_description/rviz
[1.703s] -- Installing: /home/dimsum/caato2_ws/src/caato2/install/caato2_description/share/caato2_description/rviz/test.rviz
[1.707s] Invoked command in '/home/dimsum/caato2_ws/src/caato2/build/caato2_description' returned '0': /usr/bin/cmake --install /home/dimsum/caato2_ws/src/caato2/build/caato2_description
