-- The C compiler identification is GNU 9.4.0
-- The CXX compiler identification is GNU 9.4.0
-- Check for working C compiler: /usr/bin/cc
-- Check for working C compiler: /usr/bin/cc -- works
-- Detecting C compiler ABI info
-- Detecting C compiler ABI info - done
-- Detecting C compile features
-- Detecting C compile features - done
-- Check for working CXX compiler: /usr/bin/c++
-- Check for working CXX compiler: /usr/bin/c++ -- works
-- Detecting CXX compiler ABI info
-- Detecting CXX compiler ABI info - done
-- Detecting CXX compile features
-- Detecting CXX compile features - done
-- Using CATKIN_DEVEL_PREFIX: /home/dimsum/caato2_ws/src/caato2/build/caato2_description/devel
-- Using CMAKE_PREFIX_PATH: /home/dimsum/caato2_ws/install/check_charging;/home/dimsum/caato2_ws/install/xnergy_charger_rcu;/home/dimsum/caato2_ws/install/trolley_arm;/home/dimsum/caato2_ws/install/teleop_twist_joy;/home/dimsum/caato2_ws/install/rviz_atc_plugins;/home/dimsum/caato2_ws/install/rosserial_xbee;/home/dimsum/caato2_ws/install/rosserial_windows;/home/dimsum/caato2_ws/install/rosserial_vex_v5;/home/dimsum/caato2_ws/install/rosserial_vex_cortex;/home/dimsum/caato2_ws/install/rosserial_tivac;/home/dimsum/caato2_ws/install/rosserial_test;/home/dimsum/caato2_ws/install/rosserial_server;/home/dimsum/caato2_ws/install/rosserial_arduino;/home/dimsum/caato2_ws/install/rosserial_python;/home/dimsum/caato2_ws/install/rosserial_mbed;/home/dimsum/caato2_ws/install/rosserial_embeddedlinux;/home/dimsum/caato2_ws/install/rosserial_chibios;/home/dimsum/caato2_ws/install/rosserial_client;/home/dimsum/caato2_ws/install/rosserial_msgs;/home/dimsum/caato2_ws/install/caato_teleop;/home/dimsum/caato2_ws/install/caato_slam;/home/dimsum/caato2_ws/install/caato_navigation;/home/dimsum/caato2_ws/install/caato_bringup;/home/dimsum/caato2_ws/install/caato2_navigation;/home/dimsum/caato2_ws/install/caato2_examples;/home/dimsum/caato2_ws/install/caato2_bringup;/home/dimsum/caato2_ws/install/roboteq_diff_driver;/home/dimsum/caato2_ws/install/roboteq_diff_msgs;/home/dimsum/caato2_ws/install/realsense_gazebo_plugin;/home/dimsum/caato2_ws/install/realsense2_description;/home/dimsum/caato2_ws/install/realsense2_camera;/home/dimsum/caato2_ws/install/plc_modbus_node;/home/dimsum/caato2_ws/install/ouster_example;/home/dimsum/caato2_ws/install/ouster-gazebo-simulation;/home/dimsum/caato2_ws/install/map_server;/home/dimsum/caato2_ws/install/laser_filters;/home/dimsum/caato2_ws/install/ira_laser_tools;/home/dimsum/caato2_ws/install/eband_local_planner;/home/dimsum/caato2_ws/install/ds4_driver;/home/dimsum/caato2_ws/install/device_diagnostics;/home/dimsum/caato2_ws/install/decada_sim_assets;/home/dimsum/caato2_ws/install/caato_gazebo;/home/dimsum/caato2_ws/install/caato_fleet_client;/home/dimsum/caato2_ws/install/caato_description;/home/dimsum/caato2_ws/install/caato_alexa;/home/dimsum/caato2_ws/install/caato2_reverse_docker;/home/dimsum/caato2_ws/install/caato2_stm;/home/dimsum/caato2_ws/install/caato2_gazebo;/home/dimsum/caato2_ws/install/caato2_description;/home/dimsum/caato2_ws/install/atc_waypoints;/home/dimsum/caato2_ws/install/atc_stm;/home/dimsum/caato2_ws/install/atc_utils;/home/dimsum/caato2_ws/install/atc_msgs;/home/dimsum/caato2_ws/install/apriltag_ros;/home/dimsum/caato2_ws/install/apriltag;/home/dimsum/caato2_ws/install/Project;/opt/ros/noetic
-- This workspace overlays: /home/dimsum/caato2_ws/install/check_charging;/home/dimsum/caato2_ws/install/xnergy_charger_rcu;/home/dimsum/caato2_ws/install/trolley_arm;/home/dimsum/caato2_ws/install/teleop_twist_joy;/home/dimsum/caato2_ws/install/rviz_atc_plugins;/home/dimsum/caato2_ws/install/rosserial_xbee;/home/dimsum/caato2_ws/install/rosserial_windows;/home/dimsum/caato2_ws/install/rosserial_vex_v5;/home/dimsum/caato2_ws/install/rosserial_vex_cortex;/home/dimsum/caato2_ws/install/rosserial_tivac;/home/dimsum/caato2_ws/install/rosserial_test;/home/dimsum/caato2_ws/install/rosserial_server;/home/dimsum/caato2_ws/install/rosserial_arduino;/home/dimsum/caato2_ws/install/rosserial_python;/home/dimsum/caato2_ws/install/rosserial_mbed;/home/dimsum/caato2_ws/install/rosserial_embeddedlinux;/home/dimsum/caato2_ws/install/rosserial_chibios;/home/dimsum/caato2_ws/install/rosserial_client;/home/dimsum/caato2_ws/install/rosserial_msgs;/home/dimsum/caato2_ws/install/caato_teleop;/home/dimsum/caato2_ws/install/caato_slam;/home/dimsum/caato2_ws/install/caato_navigation;/home/dimsum/caato2_ws/install/caato_bringup;/home/dimsum/caato2_ws/install/caato2_navigation;/home/dimsum/caato2_ws/install/caato2_examples;/home/dimsum/caato2_ws/install/caato2_bringup;/home/dimsum/caato2_ws/install/roboteq_diff_driver;/home/dimsum/caato2_ws/install/roboteq_diff_msgs;/home/dimsum/caato2_ws/install/realsense_gazebo_plugin;/home/dimsum/caato2_ws/install/realsense2_description;/home/dimsum/caato2_ws/install/realsense2_camera;/home/dimsum/caato2_ws/install/plc_modbus_node;/home/dimsum/caato2_ws/install/ouster_example;/home/dimsum/caato2_ws/install/ouster-gazebo-simulation;/home/dimsum/caato2_ws/install/map_server;/home/dimsum/caato2_ws/install/laser_filters;/home/dimsum/caato2_ws/install/ira_laser_tools;/home/dimsum/caato2_ws/install/eband_local_planner;/home/dimsum/caato2_ws/install/ds4_driver;/home/dimsum/caato2_ws/install/device_diagnostics;/home/dimsum/caato2_ws/install/decada_sim_assets;/home/dimsum/caato2_ws/install/caato_gazebo;/home/dimsum/caato2_ws/install/caato_fleet_client;/home/dimsum/caato2_ws/install/caato_description;/home/dimsum/caato2_ws/install/caato_alexa;/home/dimsum/caato2_ws/install/caato2_reverse_docker;/home/dimsum/caato2_ws/install/caato2_stm;/home/dimsum/caato2_ws/install/caato2_gazebo;/home/dimsum/caato2_ws/install/caato2_description;/home/dimsum/caato2_ws/install/atc_waypoints;/home/dimsum/caato2_ws/install/atc_stm;/home/dimsum/caato2_ws/install/atc_utils;/home/dimsum/caato2_ws/install/atc_msgs;/home/dimsum/caato2_ws/install/apriltag_ros;/home/dimsum/caato2_ws/install/Project;/opt/ros/noetic
-- Found PythonInterp: /usr/bin/python3 (found suitable version "3.8.10", minimum required is "3") 
-- Using PYTHON_EXECUTABLE: /usr/bin/python3
-- Using Debian Python package layout
-- Found PY_em: /usr/lib/python3/dist-packages/em.py  
-- Using empy: /usr/lib/python3/dist-packages/em.py
-- Using CATKIN_ENABLE_TESTING: ON
-- Call enable_testing()
-- Using CATKIN_TEST_RESULTS_DIR: /home/dimsum/caato2_ws/src/caato2/build/caato2_description/test_results
-- Forcing gtest/gmock from source, though one was otherwise available.
-- Found gtest sources under '/usr/src/googletest': gtests will be built
-- Found gmock sources under '/usr/src/googletest': gmock will be built
-- Found PythonInterp: /usr/bin/python3 (found version "3.8.10") 
-- Found Threads: TRUE  
-- Using Python nosetests: /usr/bin/nosetests3
-- catkin 0.8.10
-- BUILD_SHARED_LIBS is on
-- Configuring done
-- Generating done
-- Build files have been written to: /home/dimsum/caato2_ws/src/caato2/build/caato2_description
[35m[1mScanning dependencies of target tests[0m
Built target tests
-- Install configuration: ""
-- Installing: /home/dimsum/caato2_ws/src/caato2/install/caato2_description/lib/pkgconfig/caato2_description.pc
-- Installing: /home/dimsum/caato2_ws/src/caato2/install/caato2_description/share/caato2_description/cmake/caato2_descriptionConfig.cmake
-- Installing: /home/dimsum/caato2_ws/src/caato2/install/caato2_description/share/caato2_description/cmake/caato2_descriptionConfig-version.cmake
-- Installing: /home/dimsum/caato2_ws/src/caato2/install/caato2_description/share/caato2_description/package.xml
-- Installing: /home/dimsum/caato2_ws/src/caato2/install/caato2_description/share/caato2_description/meshes
-- Installing: /home/dimsum/caato2_ws/src/caato2/install/caato2_description/share/caato2_description/meshes/wheels
-- Installing: /home/dimsum/caato2_ws/src/caato2/install/caato2_description/share/caato2_description/meshes/wheels/Wheel.stl
-- Installing: /home/dimsum/caato2_ws/src/caato2/install/caato2_description/share/caato2_description/meshes/wheels/caster_wheel.stl
-- Installing: /home/dimsum/caato2_ws/src/caato2/install/caato2_description/share/caato2_description/meshes/sensors
-- Installing: /home/dimsum/caato2_ws/src/caato2/install/caato2_description/share/caato2_description/meshes/sensors/pal.stl
-- Installing: /home/dimsum/caato2_ws/src/caato2/install/caato2_description/share/caato2_description/meshes/sensors/hokuyo_laser_scanner.stl
-- Installing: /home/dimsum/caato2_ws/src/caato2/install/caato2_description/share/caato2_description/meshes/bases
-- Installing: /home/dimsum/caato2_ws/src/caato2/install/caato2_description/share/caato2_description/meshes/bases/body_with_arm.stl
-- Installing: /home/dimsum/caato2_ws/src/caato2/install/caato2_description/share/caato2_description/meshes/bases/body_caato2_3d_lidar.stl
-- Installing: /home/dimsum/caato2_ws/src/caato2/install/caato2_description/share/caato2_description/meshes/bases/Body.stl
-- Installing: /home/dimsum/caato2_ws/src/caato2/install/caato2_description/share/caato2_description/urdf
-- Installing: /home/dimsum/caato2_ws/src/caato2/install/caato2_description/share/caato2_description/urdf/accessories
-- Installing: /home/dimsum/caato2_ws/src/caato2/install/caato2_description/share/caato2_description/urdf/accessories/caato2.gazebo.xacro
-- Installing: /home/dimsum/caato2_ws/src/caato2/install/caato2_description/share/caato2_description/urdf/accessories/sick_scan.urdf.xacro
-- Installing: /home/dimsum/caato2_ws/src/caato2/install/caato2_description/share/caato2_description/urdf/accessories/caato2_no_fp.gazebo.xacro
-- Installing: /home/dimsum/caato2_ws/src/caato2/install/caato2_description/share/caato2_description/urdf/common_properties.xacro
-- Installing: /home/dimsum/caato2_ws/src/caato2/install/caato2_description/share/caato2_description/urdf/caato2.urdf.xacro
-- Installing: /home/dimsum/caato2_ws/src/caato2/install/caato2_description/share/caato2_description/urdf/caato2_3d_nb.urdf.xacro
-- Installing: /home/dimsum/caato2_ws/src/caato2/install/caato2_description/share/caato2_description/urdf/no_fp_caato2_3d.urdf.xacro
-- Installing: /home/dimsum/caato2_ws/src/caato2/install/caato2_description/share/caato2_description/urdf/caato2_3d.urdf.xacro
-- Installing: /home/dimsum/caato2_ws/src/caato2/install/caato2_description/share/caato2_description/urdf/caato2_gazebo_3d.urdf.xacro
-- Installing: /home/dimsum/caato2_ws/src/caato2/install/caato2_description/share/caato2_description/rviz
-- Installing: /home/dimsum/caato2_ws/src/caato2/install/caato2_description/share/caato2_description/rviz/test.rviz
