[0.045s] Invoking command in '/home/dimsum/caato2_ws/src/caato2/build/caato2_description': /usr/bin/cmake /home/dimsum/caato2_ws/src/caato2/caato2_description -DCATKIN_INSTALL_INTO_PREFIX_ROOT=0 -DCMAKE_INSTALL_PREFIX=/home/dimsum/caato2_ws/src/caato2/install/caato2_description
[0.107s] -- The C compiler identification is GNU 9.4.0
[0.162s] -- The CXX compiler identification is GNU 9.4.0
[0.167s] -- Check for working C compiler: /usr/bin/cc
[0.225s] -- Check for working C compiler: /usr/bin/cc -- works
[0.226s] -- Detecting C compiler ABI info
[0.286s] -- Detecting C compiler ABI info - done
[0.299s] -- Detecting C compile features
[0.300s] -- Detecting C compile features - done
[0.302s] -- Check for working CXX compiler: /usr/bin/c++
[0.363s] -- Check for working CXX compiler: /usr/bin/c++ -- works
[0.364s] -- Detecting CXX compiler ABI info
[0.427s] -- Detecting CXX compiler ABI info - done
[0.445s] -- Detecting CXX compile features
[0.445s] -- Detecting CXX compile features - done
[0.452s] -- Using CATKIN_DEVEL_PREFIX: /home/dimsum/caato2_ws/src/caato2/build/caato2_description/devel
[0.452s] -- Using CMAKE_PREFIX_PATH: /home/dimsum/caato2_ws/install/check_charging;/home/dimsum/caato2_ws/install/xnergy_charger_rcu;/home/dimsum/caato2_ws/install/trolley_arm;/home/dimsum/caato2_ws/install/teleop_twist_joy;/home/dimsum/caato2_ws/install/rviz_atc_plugins;/home/dimsum/caato2_ws/install/rosserial_xbee;/home/dimsum/caato2_ws/install/rosserial_windows;/home/dimsum/caato2_ws/install/rosserial_vex_v5;/home/dimsum/caato2_ws/install/rosserial_vex_cortex;/home/dimsum/caato2_ws/install/rosserial_tivac;/home/dimsum/caato2_ws/install/rosserial_test;/home/dimsum/caato2_ws/install/rosserial_server;/home/dimsum/caato2_ws/install/rosserial_arduino;/home/dimsum/caato2_ws/install/rosserial_python;/home/dimsum/caato2_ws/install/rosserial_mbed;/home/dimsum/caato2_ws/install/rosserial_embeddedlinux;/home/dimsum/caato2_ws/install/rosserial_chibios;/home/dimsum/caato2_ws/install/rosserial_client;/home/dimsum/caato2_ws/install/rosserial_msgs;/home/dimsum/caato2_ws/install/caato_teleop;/home/dimsum/caato2_ws/install/caato_slam;/home/dimsum/caato2_ws/install/caato_navigation;/home/dimsum/caato2_ws/install/caato_bringup;/home/dimsum/caato2_ws/install/caato2_navigation;/home/dimsum/caato2_ws/install/caato2_examples;/home/dimsum/caato2_ws/install/caato2_bringup;/home/dimsum/caato2_ws/install/roboteq_diff_driver;/home/dimsum/caato2_ws/install/roboteq_diff_msgs;/home/dimsum/caato2_ws/install/realsense_gazebo_plugin;/home/dimsum/caato2_ws/install/realsense2_description;/home/dimsum/caato2_ws/install/realsense2_camera;/home/dimsum/caato2_ws/install/plc_modbus_node;/home/dimsum/caato2_ws/install/ouster_example;/home/dimsum/caato2_ws/install/ouster-gazebo-simulation;/home/dimsum/caato2_ws/install/map_server;/home/dimsum/caato2_ws/install/laser_filters;/home/dimsum/caato2_ws/install/ira_laser_tools;/home/dimsum/caato2_ws/install/eband_local_planner;/home/dimsum/caato2_ws/install/ds4_driver;/home/dimsum/caato2_ws/install/device_diagnostics;/home/dimsum/caato2_ws/install/decada_sim_assets;/home/dimsum/caato2_ws/install/caato_gazebo;/home/dimsum/caato2_ws/install/caato_fleet_client;/home/dimsum/caato2_ws/install/caato_description;/home/dimsum/caato2_ws/install/caato_alexa;/home/dimsum/caato2_ws/install/caato2_reverse_docker;/home/dimsum/caato2_ws/install/caato2_stm;/home/dimsum/caato2_ws/install/caato2_gazebo;/home/dimsum/caato2_ws/install/caato2_description;/home/dimsum/caato2_ws/install/atc_waypoints;/home/dimsum/caato2_ws/install/atc_stm;/home/dimsum/caato2_ws/install/atc_utils;/home/dimsum/caato2_ws/install/atc_msgs;/home/dimsum/caato2_ws/install/apriltag_ros;/home/dimsum/caato2_ws/install/apriltag;/home/dimsum/caato2_ws/install/Project;/opt/ros/noetic
[0.454s] -- This workspace overlays: /home/dimsum/caato2_ws/install/check_charging;/home/dimsum/caato2_ws/install/xnergy_charger_rcu;/home/dimsum/caato2_ws/install/trolley_arm;/home/dimsum/caato2_ws/install/teleop_twist_joy;/home/dimsum/caato2_ws/install/rviz_atc_plugins;/home/dimsum/caato2_ws/install/rosserial_xbee;/home/dimsum/caato2_ws/install/rosserial_windows;/home/dimsum/caato2_ws/install/rosserial_vex_v5;/home/dimsum/caato2_ws/install/rosserial_vex_cortex;/home/dimsum/caato2_ws/install/rosserial_tivac;/home/dimsum/caato2_ws/install/rosserial_test;/home/dimsum/caato2_ws/install/rosserial_server;/home/dimsum/caato2_ws/install/rosserial_arduino;/home/dimsum/caato2_ws/install/rosserial_python;/home/dimsum/caato2_ws/install/rosserial_mbed;/home/dimsum/caato2_ws/install/rosserial_embeddedlinux;/home/dimsum/caato2_ws/install/rosserial_chibios;/home/dimsum/caato2_ws/install/rosserial_client;/home/dimsum/caato2_ws/install/rosserial_msgs;/home/dimsum/caato2_ws/install/caato_teleop;/home/dimsum/caato2_ws/install/caato_slam;/home/dimsum/caato2_ws/install/caato_navigation;/home/dimsum/caato2_ws/install/caato_bringup;/home/dimsum/caato2_ws/install/caato2_navigation;/home/dimsum/caato2_ws/install/caato2_examples;/home/dimsum/caato2_ws/install/caato2_bringup;/home/dimsum/caato2_ws/install/roboteq_diff_driver;/home/dimsum/caato2_ws/install/roboteq_diff_msgs;/home/dimsum/caato2_ws/install/realsense_gazebo_plugin;/home/dimsum/caato2_ws/install/realsense2_description;/home/dimsum/caato2_ws/install/realsense2_camera;/home/dimsum/caato2_ws/install/plc_modbus_node;/home/dimsum/caato2_ws/install/ouster_example;/home/dimsum/caato2_ws/install/ouster-gazebo-simulation;/home/dimsum/caato2_ws/install/map_server;/home/dimsum/caato2_ws/install/laser_filters;/home/dimsum/caato2_ws/install/ira_laser_tools;/home/dimsum/caato2_ws/install/eband_local_planner;/home/dimsum/caato2_ws/install/ds4_driver;/home/dimsum/caato2_ws/install/device_diagnostics;/home/dimsum/caato2_ws/install/decada_sim_assets;/home/dimsum/caato2_ws/install/caato_gazebo;/home/dimsum/caato2_ws/install/caato_fleet_client;/home/dimsum/caato2_ws/install/caato_description;/home/dimsum/caato2_ws/install/caato_alexa;/home/dimsum/caato2_ws/install/caato2_reverse_docker;/home/dimsum/caato2_ws/install/caato2_stm;/home/dimsum/caato2_ws/install/caato2_gazebo;/home/dimsum/caato2_ws/install/caato2_description;/home/dimsum/caato2_ws/install/atc_waypoints;/home/dimsum/caato2_ws/install/atc_stm;/home/dimsum/caato2_ws/install/atc_utils;/home/dimsum/caato2_ws/install/atc_msgs;/home/dimsum/caato2_ws/install/apriltag_ros;/home/dimsum/caato2_ws/install/Project;/opt/ros/noetic
[0.478s] -- Found PythonInterp: /usr/bin/python3 (found suitable version "3.8.10", minimum required is "3") 
[0.478s] -- Using PYTHON_EXECUTABLE: /usr/bin/python3
[0.478s] -- Using Debian Python package layout
[0.514s] -- Found PY_em: /usr/lib/python3/dist-packages/em.py  
[0.514s] -- Using empy: /usr/lib/python3/dist-packages/em.py
[0.638s] -- Using CATKIN_ENABLE_TESTING: ON
[0.639s] -- Call enable_testing()
[0.640s] -- Using CATKIN_TEST_RESULTS_DIR: /home/dimsum/caato2_ws/src/caato2/build/caato2_description/test_results
[0.886s] -- Forcing gtest/gmock from source, though one was otherwise available.
[0.886s] -- Found gtest sources under '/usr/src/googletest': gtests will be built
[0.886s] -- Found gmock sources under '/usr/src/googletest': gmock will be built
[0.910s] -- Found PythonInterp: /usr/bin/python3 (found version "3.8.10") 
[0.912s] -- Found Threads: TRUE  
[0.919s] -- Using Python nosetests: /usr/bin/nosetests3
[0.976s] -- catkin 0.8.10
[0.976s] -- BUILD_SHARED_LIBS is on
[1.462s] -- Configuring done
[1.472s] -- Generating done
[1.474s] -- Build files have been written to: /home/dimsum/caato2_ws/src/caato2/build/caato2_description
[1.481s] Invoked command in '/home/dimsum/caato2_ws/src/caato2/build/caato2_description' returned '0': /usr/bin/cmake /home/dimsum/caato2_ws/src/caato2/caato2_description -DCATKIN_INSTALL_INTO_PREFIX_ROOT=0 -DCMAKE_INSTALL_PREFIX=/home/dimsum/caato2_ws/src/caato2/install/caato2_description
[1.483s] Invoking command in '/home/dimsum/caato2_ws/src/caato2/build/caato2_description': /usr/bin/cmake --build /home/dimsum/caato2_ws/src/caato2/build/caato2_description -- -j12 -l12
[1.520s] Invoked command in '/home/dimsum/caato2_ws/src/caato2/build/caato2_description' returned '0': /usr/bin/cmake --build /home/dimsum/caato2_ws/src/caato2/build/caato2_description -- -j12 -l12
[1.551s] Invoking command in '/home/dimsum/caato2_ws/src/caato2/build/caato2_description': /usr/bin/cmake --build /home/dimsum/caato2_ws/src/caato2/build/caato2_description --target tests -- -j12 -l12
[1.596s] [35m[1mScanning dependencies of target tests[0m
[1.606s] Built target tests
[1.616s] Invoked command in '/home/dimsum/caato2_ws/src/caato2/build/caato2_description' returned '0': /usr/bin/cmake --build /home/dimsum/caato2_ws/src/caato2/build/caato2_description --target tests -- -j12 -l12
[1.657s] Invoking command in '/home/dimsum/caato2_ws/src/caato2/build/caato2_description': /usr/bin/cmake --install /home/dimsum/caato2_ws/src/caato2/build/caato2_description
[1.667s] -- Install configuration: ""
[1.667s] -- Installing: /home/dimsum/caato2_ws/src/caato2/install/caato2_description/lib/pkgconfig/caato2_description.pc
[1.668s] -- Installing: /home/dimsum/caato2_ws/src/caato2/install/caato2_description/share/caato2_description/cmake/caato2_descriptionConfig.cmake
[1.668s] -- Installing: /home/dimsum/caato2_ws/src/caato2/install/caato2_description/share/caato2_description/cmake/caato2_descriptionConfig-version.cmake
[1.668s] -- Installing: /home/dimsum/caato2_ws/src/caato2/install/caato2_description/share/caato2_description/package.xml
[1.668s] -- Installing: /home/dimsum/caato2_ws/src/caato2/install/caato2_description/share/caato2_description/meshes
[1.668s] -- Installing: /home/dimsum/caato2_ws/src/caato2/install/caato2_description/share/caato2_description/meshes/wheels
[1.668s] -- Installing: /home/dimsum/caato2_ws/src/caato2/install/caato2_description/share/caato2_description/meshes/wheels/Wheel.stl
[1.673s] -- Installing: /home/dimsum/caato2_ws/src/caato2/install/caato2_description/share/caato2_description/meshes/wheels/caster_wheel.stl
[1.676s] -- Installing: /home/dimsum/caato2_ws/src/caato2/install/caato2_description/share/caato2_description/meshes/sensors
[1.676s] -- Installing: /home/dimsum/caato2_ws/src/caato2/install/caato2_description/share/caato2_description/meshes/sensors/pal.stl
[1.676s] -- Installing: /home/dimsum/caato2_ws/src/caato2/install/caato2_description/share/caato2_description/meshes/sensors/hokuyo_laser_scanner.stl
[1.679s] -- Installing: /home/dimsum/caato2_ws/src/caato2/install/caato2_description/share/caato2_description/meshes/bases
[1.679s] -- Installing: /home/dimsum/caato2_ws/src/caato2/install/caato2_description/share/caato2_description/meshes/bases/body_with_arm.stl
[1.697s] -- Installing: /home/dimsum/caato2_ws/src/caato2/install/caato2_description/share/caato2_description/meshes/bases/body_caato2_3d_lidar.stl
[1.709s] -- Installing: /home/dimsum/caato2_ws/src/caato2/install/caato2_description/share/caato2_description/meshes/bases/Body.stl
[1.734s] -- Installing: /home/dimsum/caato2_ws/src/caato2/install/caato2_description/share/caato2_description/urdf
[1.734s] -- Installing: /home/dimsum/caato2_ws/src/caato2/install/caato2_description/share/caato2_description/urdf/accessories
[1.734s] -- Installing: /home/dimsum/caato2_ws/src/caato2/install/caato2_description/share/caato2_description/urdf/accessories/caato2.gazebo.xacro
[1.737s] -- Installing: /home/dimsum/caato2_ws/src/caato2/install/caato2_description/share/caato2_description/urdf/accessories/sick_scan.urdf.xacro
[1.737s] -- Installing: /home/dimsum/caato2_ws/src/caato2/install/caato2_description/share/caato2_description/urdf/accessories/caato2_no_fp.gazebo.xacro
[1.737s] -- Installing: /home/dimsum/caato2_ws/src/caato2/install/caato2_description/share/caato2_description/urdf/common_properties.xacro
[1.738s] -- Installing: /home/dimsum/caato2_ws/src/caato2/install/caato2_description/share/caato2_description/urdf/caato2.urdf.xacro
[1.738s] -- Installing: /home/dimsum/caato2_ws/src/caato2/install/caato2_description/share/caato2_description/urdf/caato2_3d_nb.urdf.xacro
[1.738s] -- Installing: /home/dimsum/caato2_ws/src/caato2/install/caato2_description/share/caato2_description/urdf/no_fp_caato2_3d.urdf.xacro
[1.738s] -- Installing: /home/dimsum/caato2_ws/src/caato2/install/caato2_description/share/caato2_description/urdf/caato2_3d.urdf.xacro
[1.738s] -- Installing: /home/dimsum/caato2_ws/src/caato2/install/caato2_description/share/caato2_description/urdf/caato2_gazebo_3d.urdf.xacro
[1.740s] -- Installing: /home/dimsum/caato2_ws/src/caato2/install/caato2_description/share/caato2_description/rviz
[1.741s] -- Installing: /home/dimsum/caato2_ws/src/caato2/install/caato2_description/share/caato2_description/rviz/test.rviz
[1.747s] Invoked command in '/home/dimsum/caato2_ws/src/caato2/build/caato2_description' returned '0': /usr/bin/cmake --install /home/dimsum/caato2_ws/src/caato2/build/caato2_description
