[0.030s] Invoking command in '/home/dimsum/caato2_ws/src/caato2/build/caato2_examples': /usr/bin/cmake /home/dimsum/caato2_ws/src/caato2/caato2_examples -DCATKIN_INSTALL_INTO_PREFIX_ROOT=0 -DCMAKE_INSTALL_PREFIX=/home/dimsum/caato2_ws/src/caato2/install/caato2_examples
[0.093s] -- The C compiler identification is GNU 9.4.0
[0.155s] -- The CXX compiler identification is GNU 9.4.0
[0.162s] -- Check for working C compiler: /usr/bin/cc
[0.222s] -- Check for working C compiler: /usr/bin/cc -- works
[0.223s] -- Detecting C compiler ABI info
[0.278s] -- Detecting C compiler ABI info - done
[0.289s] -- Detecting C compile features
[0.290s] -- Detecting C compile features - done
[0.293s] -- Check for working CXX compiler: /usr/bin/c++
[0.353s] -- Check for working CXX compiler: /usr/bin/c++ -- works
[0.355s] -- Detecting CXX compiler ABI info
[0.415s] -- Detecting CXX compiler ABI info - done
[0.427s] -- Detecting CXX compile features
[0.427s] -- Detecting CXX compile features - done
[0.431s] -- Using CATKIN_DEVEL_PREFIX: /home/dimsum/caato2_ws/src/caato2/build/caato2_examples/devel
[0.432s] -- Using CMAKE_PREFIX_PATH: /home/dimsum/caato2_ws/install/check_charging;/home/dimsum/caato2_ws/install/xnergy_charger_rcu;/home/dimsum/caato2_ws/install/trolley_arm;/home/dimsum/caato2_ws/install/teleop_twist_joy;/home/dimsum/caato2_ws/install/rviz_atc_plugins;/home/dimsum/caato2_ws/install/rosserial_xbee;/home/dimsum/caato2_ws/install/rosserial_windows;/home/dimsum/caato2_ws/install/rosserial_vex_v5;/home/dimsum/caato2_ws/install/rosserial_vex_cortex;/home/dimsum/caato2_ws/install/rosserial_tivac;/home/dimsum/caato2_ws/install/rosserial_test;/home/dimsum/caato2_ws/install/rosserial_server;/home/dimsum/caato2_ws/install/rosserial_arduino;/home/dimsum/caato2_ws/install/rosserial_python;/home/dimsum/caato2_ws/install/rosserial_mbed;/home/dimsum/caato2_ws/install/rosserial_embeddedlinux;/home/dimsum/caato2_ws/install/rosserial_chibios;/home/dimsum/caato2_ws/install/rosserial_client;/home/dimsum/caato2_ws/install/rosserial_msgs;/home/dimsum/caato2_ws/install/caato_teleop;/home/dimsum/caato2_ws/install/caato_slam;/home/dimsum/caato2_ws/install/caato_navigation;/home/dimsum/caato2_ws/install/caato_bringup;/home/dimsum/caato2_ws/install/caato2_navigation;/home/dimsum/caato2_ws/install/caato2_examples;/home/dimsum/caato2_ws/install/caato2_bringup;/home/dimsum/caato2_ws/install/roboteq_diff_driver;/home/dimsum/caato2_ws/install/roboteq_diff_msgs;/home/dimsum/caato2_ws/install/realsense_gazebo_plugin;/home/dimsum/caato2_ws/install/realsense2_description;/home/dimsum/caato2_ws/install/realsense2_camera;/home/dimsum/caato2_ws/install/plc_modbus_node;/home/dimsum/caato2_ws/install/ouster_example;/home/dimsum/caato2_ws/install/ouster-gazebo-simulation;/home/dimsum/caato2_ws/install/map_server;/home/dimsum/caato2_ws/install/laser_filters;/home/dimsum/caato2_ws/install/ira_laser_tools;/home/dimsum/caato2_ws/install/eband_local_planner;/home/dimsum/caato2_ws/install/ds4_driver;/home/dimsum/caato2_ws/install/device_diagnostics;/home/dimsum/caato2_ws/install/decada_sim_assets;/home/dimsum/caato2_ws/install/caato_gazebo;/home/dimsum/caato2_ws/install/caato_fleet_client;/home/dimsum/caato2_ws/install/caato_description;/home/dimsum/caato2_ws/install/caato_alexa;/home/dimsum/caato2_ws/install/caato2_reverse_docker;/home/dimsum/caato2_ws/install/caato2_stm;/home/dimsum/caato2_ws/install/caato2_gazebo;/home/dimsum/caato2_ws/install/caato2_description;/home/dimsum/caato2_ws/install/atc_waypoints;/home/dimsum/caato2_ws/install/atc_stm;/home/dimsum/caato2_ws/install/atc_utils;/home/dimsum/caato2_ws/install/atc_msgs;/home/dimsum/caato2_ws/install/apriltag_ros;/home/dimsum/caato2_ws/install/apriltag;/home/dimsum/caato2_ws/install/Project;/opt/ros/noetic
[0.433s] -- This workspace overlays: /home/dimsum/caato2_ws/install/check_charging;/home/dimsum/caato2_ws/install/xnergy_charger_rcu;/home/dimsum/caato2_ws/install/trolley_arm;/home/dimsum/caato2_ws/install/teleop_twist_joy;/home/dimsum/caato2_ws/install/rviz_atc_plugins;/home/dimsum/caato2_ws/install/rosserial_xbee;/home/dimsum/caato2_ws/install/rosserial_windows;/home/dimsum/caato2_ws/install/rosserial_vex_v5;/home/dimsum/caato2_ws/install/rosserial_vex_cortex;/home/dimsum/caato2_ws/install/rosserial_tivac;/home/dimsum/caato2_ws/install/rosserial_test;/home/dimsum/caato2_ws/install/rosserial_server;/home/dimsum/caato2_ws/install/rosserial_arduino;/home/dimsum/caato2_ws/install/rosserial_python;/home/dimsum/caato2_ws/install/rosserial_mbed;/home/dimsum/caato2_ws/install/rosserial_embeddedlinux;/home/dimsum/caato2_ws/install/rosserial_chibios;/home/dimsum/caato2_ws/install/rosserial_client;/home/dimsum/caato2_ws/install/rosserial_msgs;/home/dimsum/caato2_ws/install/caato_teleop;/home/dimsum/caato2_ws/install/caato_slam;/home/dimsum/caato2_ws/install/caato_navigation;/home/dimsum/caato2_ws/install/caato_bringup;/home/dimsum/caato2_ws/install/caato2_navigation;/home/dimsum/caato2_ws/install/caato2_examples;/home/dimsum/caato2_ws/install/caato2_bringup;/home/dimsum/caato2_ws/install/roboteq_diff_driver;/home/dimsum/caato2_ws/install/roboteq_diff_msgs;/home/dimsum/caato2_ws/install/realsense_gazebo_plugin;/home/dimsum/caato2_ws/install/realsense2_description;/home/dimsum/caato2_ws/install/realsense2_camera;/home/dimsum/caato2_ws/install/plc_modbus_node;/home/dimsum/caato2_ws/install/ouster_example;/home/dimsum/caato2_ws/install/ouster-gazebo-simulation;/home/dimsum/caato2_ws/install/map_server;/home/dimsum/caato2_ws/install/laser_filters;/home/dimsum/caato2_ws/install/ira_laser_tools;/home/dimsum/caato2_ws/install/eband_local_planner;/home/dimsum/caato2_ws/install/ds4_driver;/home/dimsum/caato2_ws/install/device_diagnostics;/home/dimsum/caato2_ws/install/decada_sim_assets;/home/dimsum/caato2_ws/install/caato_gazebo;/home/dimsum/caato2_ws/install/caato_fleet_client;/home/dimsum/caato2_ws/install/caato_description;/home/dimsum/caato2_ws/install/caato_alexa;/home/dimsum/caato2_ws/install/caato2_reverse_docker;/home/dimsum/caato2_ws/install/caato2_stm;/home/dimsum/caato2_ws/install/caato2_gazebo;/home/dimsum/caato2_ws/install/caato2_description;/home/dimsum/caato2_ws/install/atc_waypoints;/home/dimsum/caato2_ws/install/atc_stm;/home/dimsum/caato2_ws/install/atc_utils;/home/dimsum/caato2_ws/install/atc_msgs;/home/dimsum/caato2_ws/install/apriltag_ros;/home/dimsum/caato2_ws/install/Project;/opt/ros/noetic
[0.456s] -- Found PythonInterp: /usr/bin/python3 (found suitable version "3.8.10", minimum required is "3") 
[0.456s] -- Using PYTHON_EXECUTABLE: /usr/bin/python3
[0.456s] -- Using Debian Python package layout
[0.492s] -- Found PY_em: /usr/lib/python3/dist-packages/em.py  
[0.492s] -- Using empy: /usr/lib/python3/dist-packages/em.py
[0.618s] -- Using CATKIN_ENABLE_TESTING: ON
[0.618s] -- Call enable_testing()
[0.620s] -- Using CATKIN_TEST_RESULTS_DIR: /home/dimsum/caato2_ws/src/caato2/build/caato2_examples/test_results
[0.865s] -- Forcing gtest/gmock from source, though one was otherwise available.
[0.866s] -- Found gtest sources under '/usr/src/googletest': gtests will be built
[0.866s] -- Found gmock sources under '/usr/src/googletest': gmock will be built
[0.889s] -- Found PythonInterp: /usr/bin/python3 (found version "3.8.10") 
[0.890s] -- Found Threads: TRUE  
[0.895s] -- Using Python nosetests: /usr/bin/nosetests3
[0.948s] -- catkin 0.8.10
[0.948s] -- BUILD_SHARED_LIBS is on
[1.459s] -- Configuring done
[1.469s] -- Generating done
[1.472s] -- Build files have been written to: /home/dimsum/caato2_ws/src/caato2/build/caato2_examples
[1.479s] Invoked command in '/home/dimsum/caato2_ws/src/caato2/build/caato2_examples' returned '0': /usr/bin/cmake /home/dimsum/caato2_ws/src/caato2/caato2_examples -DCATKIN_INSTALL_INTO_PREFIX_ROOT=0 -DCMAKE_INSTALL_PREFIX=/home/dimsum/caato2_ws/src/caato2/install/caato2_examples
[1.481s] Invoking command in '/home/dimsum/caato2_ws/src/caato2/build/caato2_examples': /usr/bin/cmake --build /home/dimsum/caato2_ws/src/caato2/build/caato2_examples -- -j12 -l12
[1.517s] Invoked command in '/home/dimsum/caato2_ws/src/caato2/build/caato2_examples' returned '0': /usr/bin/cmake --build /home/dimsum/caato2_ws/src/caato2/build/caato2_examples -- -j12 -l12
[1.549s] Invoking command in '/home/dimsum/caato2_ws/src/caato2/build/caato2_examples': /usr/bin/cmake --build /home/dimsum/caato2_ws/src/caato2/build/caato2_examples --target tests -- -j12 -l12
[1.593s] [35m[1mScanning dependencies of target tests[0m
[1.602s] Built target tests
[1.612s] Invoked command in '/home/dimsum/caato2_ws/src/caato2/build/caato2_examples' returned '0': /usr/bin/cmake --build /home/dimsum/caato2_ws/src/caato2/build/caato2_examples --target tests -- -j12 -l12
[1.644s] Invoking command in '/home/dimsum/caato2_ws/src/caato2/build/caato2_examples': /usr/bin/cmake --install /home/dimsum/caato2_ws/src/caato2/build/caato2_examples
[1.652s] -- Install configuration: ""
[1.652s] -- Installing: /home/dimsum/caato2_ws/src/caato2/install/caato2_examples/lib/pkgconfig/caato2_examples.pc
[1.653s] -- Installing: /home/dimsum/caato2_ws/src/caato2/install/caato2_examples/share/caato2_examples/cmake/caato2_examplesConfig.cmake
[1.653s] -- Installing: /home/dimsum/caato2_ws/src/caato2/install/caato2_examples/share/caato2_examples/cmake/caato2_examplesConfig-version.cmake
[1.653s] -- Installing: /home/dimsum/caato2_ws/src/caato2/install/caato2_examples/share/caato2_examples/package.xml
[1.655s] Invoked command in '/home/dimsum/caato2_ws/src/caato2/build/caato2_examples' returned '0': /usr/bin/cmake --install /home/dimsum/caato2_ws/src/caato2/build/caato2_examples
