[0.161s] DEBUG:colcon:Command line arguments: ['/usr/bin/colcon', 'build']
[0.161s] DEBUG:colcon:Parsed command line arguments: Namespace(allow_overriding=[], ament_cmake_args=None, base_paths=['.'], bazel_args=None, bazel_task=None, build_base='build', catkin_cmake_args=None, catkin_skip_building_tests=False, cmake_args=None, cmake_clean_cache=False, cmake_clean_first=False, cmake_force_configure=False, cmake_target=None, cmake_target_skip_unavailable=False, continue_on_error=False, event_handlers=None, executor='parallel', ignore_user_meta=False, install_base='install', log_base=None, log_level=None, main=<bound method BuildVerb.main of <colcon_core.verb.build.BuildVerb object at 0x7f478daa7100>>, merge_install=False, metas=['./colcon.meta'], mixin=None, mixin_files=None, mixin_verb=('build',), packages_above=None, packages_above_and_dependencies=None, packages_above_depth=None, packages_end=None, packages_ignore=None, packages_ignore_regex=None, packages_select=None, packages_select_build_failed=False, packages_select_by_dep=None, packages_select_regex=None, packages_select_test_failures=False, packages_skip=None, packages_skip_build_finished=False, packages_skip_by_dep=None, packages_skip_regex=None, packages_skip_test_passed=False, packages_skip_up_to=None, packages_start=None, packages_up_to=None, packages_up_to_regex=None, parallel_workers=12, paths=None, symlink_install=False, test_result_base=None, verb_extension=<colcon_core.verb.build.BuildVerb object at 0x7f478daa7100>, verb_name='build', verb_parser=<colcon_alias.argument_parser.alias.AliasArgumentDecorator object at 0x7f478daa77c0>)
[0.191s] Level 1:colcon.colcon_core.package_discovery:discover_packages(colcon_meta) check parameters
[0.191s] Level 1:colcon.colcon_core.package_discovery:discover_packages(recursive) check parameters
[0.191s] Level 1:colcon.colcon_core.package_discovery:discover_packages(ignore) check parameters
[0.191s] Level 1:colcon.colcon_core.package_discovery:discover_packages(path) check parameters
[0.191s] Level 1:colcon.colcon_core.package_discovery:discover_packages(colcon_meta) discover
[0.191s] Level 1:colcon.colcon_core.package_discovery:discover_packages(recursive) discover
[0.191s] INFO:colcon.colcon_core.package_discovery:Crawling recursively for packages in '/home/dimsum/caato2_ws/src/caato2'
[0.192s] Level 1:colcon.colcon_core.package_identification:_identify(.) by extensions ['ignore', 'ignore_ament_install']
[0.192s] Level 1:colcon.colcon_core.package_identification:_identify(.) by extension 'ignore'
[0.192s] Level 1:colcon.colcon_core.package_identification:_identify(.) by extension 'ignore_ament_install'
[0.192s] Level 1:colcon.colcon_core.package_identification:_identify(.) by extensions ['colcon_pkg']
[0.192s] Level 1:colcon.colcon_core.package_identification:_identify(.) by extension 'colcon_pkg'
[0.192s] Level 1:colcon.colcon_core.package_identification:_identify(.) by extensions ['colcon_meta']
[0.192s] Level 1:colcon.colcon_core.package_identification:_identify(.) by extension 'colcon_meta'
[0.192s] Level 1:colcon.colcon_core.package_identification:_identify(.) by extensions ['ros']
[0.192s] Level 1:colcon.colcon_core.package_identification:_identify(.) by extension 'ros'
[0.194s] Level 1:colcon.colcon_core.package_identification:_identify(.) by extensions ['bazel', 'cmake', 'python']
[0.194s] Level 1:colcon.colcon_core.package_identification:_identify(.) by extension 'bazel'
[0.194s] Level 1:colcon.colcon_core.package_identification:_identify(.) by extension 'cmake'
[0.194s] Level 1:colcon.colcon_core.package_identification:_identify(.) by extension 'python'
[0.194s] Level 1:colcon.colcon_core.package_identification:_identify(.) by extensions ['python_setup_py']
[0.194s] Level 1:colcon.colcon_core.package_identification:_identify(.) by extension 'python_setup_py'
[0.194s] Level 1:colcon.colcon_core.package_identification:_identify(build) by extensions ['ignore', 'ignore_ament_install']
[0.194s] Level 1:colcon.colcon_core.package_identification:_identify(build) by extension 'ignore'
[0.194s] Level 1:colcon.colcon_core.package_identification:_identify(build) ignored
[0.195s] Level 1:colcon.colcon_core.package_identification:_identify(caato2_bringup) by extensions ['ignore', 'ignore_ament_install']
[0.195s] Level 1:colcon.colcon_core.package_identification:_identify(caato2_bringup) by extension 'ignore'
[0.195s] Level 1:colcon.colcon_core.package_identification:_identify(caato2_bringup) by extension 'ignore_ament_install'
[0.195s] Level 1:colcon.colcon_core.package_identification:_identify(caato2_bringup) by extensions ['colcon_pkg']
[0.195s] Level 1:colcon.colcon_core.package_identification:_identify(caato2_bringup) by extension 'colcon_pkg'
[0.195s] Level 1:colcon.colcon_core.package_identification:_identify(caato2_bringup) by extensions ['colcon_meta']
[0.195s] Level 1:colcon.colcon_core.package_identification:_identify(caato2_bringup) by extension 'colcon_meta'
[0.195s] Level 1:colcon.colcon_core.package_identification:_identify(caato2_bringup) by extensions ['ros']
[0.195s] Level 1:colcon.colcon_core.package_identification:_identify(caato2_bringup) by extension 'ros'
[0.197s] DEBUG:colcon.colcon_core.package_identification:Package 'caato2_bringup' with type 'ros.catkin' and name 'caato2_bringup'
[0.197s] Level 1:colcon.colcon_core.package_identification:_identify(caato2_description) by extensions ['ignore', 'ignore_ament_install']
[0.197s] Level 1:colcon.colcon_core.package_identification:_identify(caato2_description) by extension 'ignore'
[0.197s] Level 1:colcon.colcon_core.package_identification:_identify(caato2_description) by extension 'ignore_ament_install'
[0.197s] Level 1:colcon.colcon_core.package_identification:_identify(caato2_description) by extensions ['colcon_pkg']
[0.197s] Level 1:colcon.colcon_core.package_identification:_identify(caato2_description) by extension 'colcon_pkg'
[0.197s] Level 1:colcon.colcon_core.package_identification:_identify(caato2_description) by extensions ['colcon_meta']
[0.197s] Level 1:colcon.colcon_core.package_identification:_identify(caato2_description) by extension 'colcon_meta'
[0.197s] Level 1:colcon.colcon_core.package_identification:_identify(caato2_description) by extensions ['ros']
[0.197s] Level 1:colcon.colcon_core.package_identification:_identify(caato2_description) by extension 'ros'
[0.198s] DEBUG:colcon.colcon_core.package_identification:Package 'caato2_description' with type 'ros.catkin' and name 'caato2_description'
[0.198s] Level 1:colcon.colcon_core.package_identification:_identify(caato2_examples) by extensions ['ignore', 'ignore_ament_install']
[0.198s] Level 1:colcon.colcon_core.package_identification:_identify(caato2_examples) by extension 'ignore'
[0.198s] Level 1:colcon.colcon_core.package_identification:_identify(caato2_examples) by extension 'ignore_ament_install'
[0.198s] Level 1:colcon.colcon_core.package_identification:_identify(caato2_examples) by extensions ['colcon_pkg']
[0.198s] Level 1:colcon.colcon_core.package_identification:_identify(caato2_examples) by extension 'colcon_pkg'
[0.198s] Level 1:colcon.colcon_core.package_identification:_identify(caato2_examples) by extensions ['colcon_meta']
[0.198s] Level 1:colcon.colcon_core.package_identification:_identify(caato2_examples) by extension 'colcon_meta'
[0.198s] Level 1:colcon.colcon_core.package_identification:_identify(caato2_examples) by extensions ['ros']
[0.198s] Level 1:colcon.colcon_core.package_identification:_identify(caato2_examples) by extension 'ros'
[0.198s] DEBUG:colcon.colcon_core.package_identification:Package 'caato2_examples' with type 'ros.catkin' and name 'caato2_examples'
[0.199s] Level 1:colcon.colcon_core.package_identification:_identify(caato2_gazebo) by extensions ['ignore', 'ignore_ament_install']
[0.199s] Level 1:colcon.colcon_core.package_identification:_identify(caato2_gazebo) by extension 'ignore'
[0.199s] Level 1:colcon.colcon_core.package_identification:_identify(caato2_gazebo) by extension 'ignore_ament_install'
[0.199s] Level 1:colcon.colcon_core.package_identification:_identify(caato2_gazebo) by extensions ['colcon_pkg']
[0.199s] Level 1:colcon.colcon_core.package_identification:_identify(caato2_gazebo) by extension 'colcon_pkg'
[0.199s] Level 1:colcon.colcon_core.package_identification:_identify(caato2_gazebo) by extensions ['colcon_meta']
[0.199s] Level 1:colcon.colcon_core.package_identification:_identify(caato2_gazebo) by extension 'colcon_meta'
[0.199s] Level 1:colcon.colcon_core.package_identification:_identify(caato2_gazebo) by extensions ['ros']
[0.199s] Level 1:colcon.colcon_core.package_identification:_identify(caato2_gazebo) by extension 'ros'
[0.199s] DEBUG:colcon.colcon_core.package_identification:Package 'caato2_gazebo' with type 'ros.catkin' and name 'caato2_gazebo'
[0.199s] Level 1:colcon.colcon_core.package_identification:_identify(caato2_navigation) by extensions ['ignore', 'ignore_ament_install']
[0.200s] Level 1:colcon.colcon_core.package_identification:_identify(caato2_navigation) by extension 'ignore'
[0.200s] Level 1:colcon.colcon_core.package_identification:_identify(caato2_navigation) by extension 'ignore_ament_install'
[0.200s] Level 1:colcon.colcon_core.package_identification:_identify(caato2_navigation) by extensions ['colcon_pkg']
[0.200s] Level 1:colcon.colcon_core.package_identification:_identify(caato2_navigation) by extension 'colcon_pkg'
[0.200s] Level 1:colcon.colcon_core.package_identification:_identify(caato2_navigation) by extensions ['colcon_meta']
[0.200s] Level 1:colcon.colcon_core.package_identification:_identify(caato2_navigation) by extension 'colcon_meta'
[0.200s] Level 1:colcon.colcon_core.package_identification:_identify(caato2_navigation) by extensions ['ros']
[0.200s] Level 1:colcon.colcon_core.package_identification:_identify(caato2_navigation) by extension 'ros'
[0.200s] DEBUG:colcon.colcon_core.package_identification:Package 'caato2_navigation' with type 'ros.catkin' and name 'caato2_navigation'
[0.200s] Level 1:colcon.colcon_core.package_identification:_identify(caato2_reverse_docker) by extensions ['ignore', 'ignore_ament_install']
[0.200s] Level 1:colcon.colcon_core.package_identification:_identify(caato2_reverse_docker) by extension 'ignore'
[0.200s] Level 1:colcon.colcon_core.package_identification:_identify(caato2_reverse_docker) by extension 'ignore_ament_install'
[0.200s] Level 1:colcon.colcon_core.package_identification:_identify(caato2_reverse_docker) by extensions ['colcon_pkg']
[0.200s] Level 1:colcon.colcon_core.package_identification:_identify(caato2_reverse_docker) by extension 'colcon_pkg'
[0.201s] Level 1:colcon.colcon_core.package_identification:_identify(caato2_reverse_docker) by extensions ['colcon_meta']
[0.201s] Level 1:colcon.colcon_core.package_identification:_identify(caato2_reverse_docker) by extension 'colcon_meta'
[0.201s] Level 1:colcon.colcon_core.package_identification:_identify(caato2_reverse_docker) by extensions ['ros']
[0.201s] Level 1:colcon.colcon_core.package_identification:_identify(caato2_reverse_docker) by extension 'ros'
[0.201s] DEBUG:colcon.colcon_core.package_identification:Package 'caato2_reverse_docker' with type 'ros.catkin' and name 'caato2_reverse_docker'
[0.201s] Level 1:colcon.colcon_core.package_identification:_identify(caato2_stm) by extensions ['ignore', 'ignore_ament_install']
[0.201s] Level 1:colcon.colcon_core.package_identification:_identify(caato2_stm) by extension 'ignore'
[0.201s] Level 1:colcon.colcon_core.package_identification:_identify(caato2_stm) by extension 'ignore_ament_install'
[0.201s] Level 1:colcon.colcon_core.package_identification:_identify(caato2_stm) by extensions ['colcon_pkg']
[0.201s] Level 1:colcon.colcon_core.package_identification:_identify(caato2_stm) by extension 'colcon_pkg'
[0.202s] Level 1:colcon.colcon_core.package_identification:_identify(caato2_stm) by extensions ['colcon_meta']
[0.202s] Level 1:colcon.colcon_core.package_identification:_identify(caato2_stm) by extension 'colcon_meta'
[0.202s] Level 1:colcon.colcon_core.package_identification:_identify(caato2_stm) by extensions ['ros']
[0.202s] Level 1:colcon.colcon_core.package_identification:_identify(caato2_stm) by extension 'ros'
[0.202s] DEBUG:colcon.colcon_core.package_identification:Package 'caato2_stm' with type 'ros.catkin' and name 'caato2_stm'
[0.202s] Level 1:colcon.colcon_core.package_identification:_identify(caato_fleet_client) by extensions ['ignore', 'ignore_ament_install']
[0.202s] Level 1:colcon.colcon_core.package_identification:_identify(caato_fleet_client) by extension 'ignore'
[0.202s] Level 1:colcon.colcon_core.package_identification:_identify(caato_fleet_client) by extension 'ignore_ament_install'
[0.202s] Level 1:colcon.colcon_core.package_identification:_identify(caato_fleet_client) by extensions ['colcon_pkg']
[0.202s] Level 1:colcon.colcon_core.package_identification:_identify(caato_fleet_client) by extension 'colcon_pkg'
[0.202s] Level 1:colcon.colcon_core.package_identification:_identify(caato_fleet_client) by extensions ['colcon_meta']
[0.202s] Level 1:colcon.colcon_core.package_identification:_identify(caato_fleet_client) by extension 'colcon_meta'
[0.202s] Level 1:colcon.colcon_core.package_identification:_identify(caato_fleet_client) by extensions ['ros']
[0.203s] Level 1:colcon.colcon_core.package_identification:_identify(caato_fleet_client) by extension 'ros'
[0.203s] DEBUG:colcon.colcon_core.package_identification:Package 'caato_fleet_client' with type 'ros.catkin' and name 'caato_fleet_client'
[0.203s] Level 1:colcon.colcon_core.package_identification:_identify(check_charging) by extensions ['ignore', 'ignore_ament_install']
[0.203s] Level 1:colcon.colcon_core.package_identification:_identify(check_charging) by extension 'ignore'
[0.203s] Level 1:colcon.colcon_core.package_identification:_identify(check_charging) by extension 'ignore_ament_install'
[0.203s] Level 1:colcon.colcon_core.package_identification:_identify(check_charging) by extensions ['colcon_pkg']
[0.203s] Level 1:colcon.colcon_core.package_identification:_identify(check_charging) by extension 'colcon_pkg'
[0.203s] Level 1:colcon.colcon_core.package_identification:_identify(check_charging) by extensions ['colcon_meta']
[0.203s] Level 1:colcon.colcon_core.package_identification:_identify(check_charging) by extension 'colcon_meta'
[0.203s] Level 1:colcon.colcon_core.package_identification:_identify(check_charging) by extensions ['ros']
[0.203s] Level 1:colcon.colcon_core.package_identification:_identify(check_charging) by extension 'ros'
[0.204s] DEBUG:colcon.colcon_core.package_identification:Package 'check_charging' with type 'ros.catkin' and name 'check_charging'
[0.204s] Level 1:colcon.colcon_core.package_identification:_identify(install) by extensions ['ignore', 'ignore_ament_install']
[0.204s] Level 1:colcon.colcon_core.package_identification:_identify(install) by extension 'ignore'
[0.204s] Level 1:colcon.colcon_core.package_identification:_identify(install) ignored
[0.204s] Level 1:colcon.colcon_core.package_identification:_identify(log) by extensions ['ignore', 'ignore_ament_install']
[0.204s] Level 1:colcon.colcon_core.package_identification:_identify(log) by extension 'ignore'
[0.204s] Level 1:colcon.colcon_core.package_identification:_identify(log) ignored
[0.204s] Level 1:colcon.colcon_core.package_discovery:discover_packages(recursive) using defaults
[0.204s] Level 1:colcon.colcon_core.package_discovery:discover_packages(ignore) discover
[0.204s] Level 1:colcon.colcon_core.package_discovery:discover_packages(ignore) using defaults
[0.204s] Level 1:colcon.colcon_core.package_discovery:discover_packages(path) discover
[0.204s] Level 1:colcon.colcon_core.package_discovery:discover_packages(path) using defaults
[0.220s] Level 1:colcon.colcon_core.package_discovery:discover_packages(prefix_path) check parameters
[0.220s] Level 1:colcon.colcon_core.package_discovery:discover_packages(prefix_path) discover
[0.224s] DEBUG:colcon.colcon_installed_package_information.package_discovery:Found 59 installed packages in /home/dimsum/caato2_ws/install
[0.227s] DEBUG:colcon.colcon_installed_package_information.package_discovery:Found 1 installed packages in /opt/ros/noetic
[0.227s] Level 1:colcon.colcon_core.package_discovery:discover_packages(prefix_path) using defaults
[0.233s] Level 5:colcon.colcon_core.verb:set package 'caato2_description' build argument 'bazel_args' from command line to 'None'
[0.233s] Level 5:colcon.colcon_core.verb:set package 'caato2_description' build argument 'bazel_task' from command line to 'None'
[0.233s] Level 5:colcon.colcon_core.verb:set package 'caato2_description' build argument 'cmake_args' from command line to 'None'
[0.233s] Level 5:colcon.colcon_core.verb:set package 'caato2_description' build argument 'cmake_target' from command line to 'None'
[0.233s] Level 5:colcon.colcon_core.verb:set package 'caato2_description' build argument 'cmake_target_skip_unavailable' from command line to 'False'
[0.233s] Level 5:colcon.colcon_core.verb:set package 'caato2_description' build argument 'cmake_clean_cache' from command line to 'False'
[0.233s] Level 5:colcon.colcon_core.verb:set package 'caato2_description' build argument 'cmake_clean_first' from command line to 'False'
[0.233s] Level 5:colcon.colcon_core.verb:set package 'caato2_description' build argument 'cmake_force_configure' from command line to 'False'
[0.233s] Level 5:colcon.colcon_core.verb:set package 'caato2_description' build argument 'ament_cmake_args' from command line to 'None'
[0.233s] Level 5:colcon.colcon_core.verb:set package 'caato2_description' build argument 'catkin_cmake_args' from command line to 'None'
[0.233s] Level 5:colcon.colcon_core.verb:set package 'caato2_description' build argument 'catkin_skip_building_tests' from command line to 'False'
[0.233s] DEBUG:colcon.colcon_core.verb:Building package 'caato2_description' with the following arguments: {'ament_cmake_args': None, 'bazel_args': None, 'bazel_task': None, 'build_base': '/home/dimsum/caato2_ws/src/caato2/build/caato2_description', 'catkin_cmake_args': None, 'catkin_skip_building_tests': False, 'cmake_args': None, 'cmake_clean_cache': False, 'cmake_clean_first': False, 'cmake_force_configure': False, 'cmake_target': None, 'cmake_target_skip_unavailable': False, 'install_base': '/home/dimsum/caato2_ws/src/caato2/install/caato2_description', 'merge_install': False, 'path': '/home/dimsum/caato2_ws/src/caato2/caato2_description', 'symlink_install': False, 'test_result_base': None}
[0.234s] Level 5:colcon.colcon_core.verb:set package 'caato2_examples' build argument 'bazel_args' from command line to 'None'
[0.234s] Level 5:colcon.colcon_core.verb:set package 'caato2_examples' build argument 'bazel_task' from command line to 'None'
[0.234s] Level 5:colcon.colcon_core.verb:set package 'caato2_examples' build argument 'cmake_args' from command line to 'None'
[0.234s] Level 5:colcon.colcon_core.verb:set package 'caato2_examples' build argument 'cmake_target' from command line to 'None'
[0.234s] Level 5:colcon.colcon_core.verb:set package 'caato2_examples' build argument 'cmake_target_skip_unavailable' from command line to 'False'
[0.234s] Level 5:colcon.colcon_core.verb:set package 'caato2_examples' build argument 'cmake_clean_cache' from command line to 'False'
[0.234s] Level 5:colcon.colcon_core.verb:set package 'caato2_examples' build argument 'cmake_clean_first' from command line to 'False'
[0.234s] Level 5:colcon.colcon_core.verb:set package 'caato2_examples' build argument 'cmake_force_configure' from command line to 'False'
[0.234s] Level 5:colcon.colcon_core.verb:set package 'caato2_examples' build argument 'ament_cmake_args' from command line to 'None'
[0.234s] Level 5:colcon.colcon_core.verb:set package 'caato2_examples' build argument 'catkin_cmake_args' from command line to 'None'
[0.234s] Level 5:colcon.colcon_core.verb:set package 'caato2_examples' build argument 'catkin_skip_building_tests' from command line to 'False'
[0.234s] DEBUG:colcon.colcon_core.verb:Building package 'caato2_examples' with the following arguments: {'ament_cmake_args': None, 'bazel_args': None, 'bazel_task': None, 'build_base': '/home/dimsum/caato2_ws/src/caato2/build/caato2_examples', 'catkin_cmake_args': None, 'catkin_skip_building_tests': False, 'cmake_args': None, 'cmake_clean_cache': False, 'cmake_clean_first': False, 'cmake_force_configure': False, 'cmake_target': None, 'cmake_target_skip_unavailable': False, 'install_base': '/home/dimsum/caato2_ws/src/caato2/install/caato2_examples', 'merge_install': False, 'path': '/home/dimsum/caato2_ws/src/caato2/caato2_examples', 'symlink_install': False, 'test_result_base': None}
[0.235s] Level 5:colcon.colcon_core.verb:set package 'caato2_stm' build argument 'bazel_args' from command line to 'None'
[0.235s] Level 5:colcon.colcon_core.verb:set package 'caato2_stm' build argument 'bazel_task' from command line to 'None'
[0.235s] Level 5:colcon.colcon_core.verb:set package 'caato2_stm' build argument 'cmake_args' from command line to 'None'
[0.235s] Level 5:colcon.colcon_core.verb:set package 'caato2_stm' build argument 'cmake_target' from command line to 'None'
[0.235s] Level 5:colcon.colcon_core.verb:set package 'caato2_stm' build argument 'cmake_target_skip_unavailable' from command line to 'False'
[0.235s] Level 5:colcon.colcon_core.verb:set package 'caato2_stm' build argument 'cmake_clean_cache' from command line to 'False'
[0.235s] Level 5:colcon.colcon_core.verb:set package 'caato2_stm' build argument 'cmake_clean_first' from command line to 'False'
[0.235s] Level 5:colcon.colcon_core.verb:set package 'caato2_stm' build argument 'cmake_force_configure' from command line to 'False'
[0.235s] Level 5:colcon.colcon_core.verb:set package 'caato2_stm' build argument 'ament_cmake_args' from command line to 'None'
[0.235s] Level 5:colcon.colcon_core.verb:set package 'caato2_stm' build argument 'catkin_cmake_args' from command line to 'None'
[0.235s] Level 5:colcon.colcon_core.verb:set package 'caato2_stm' build argument 'catkin_skip_building_tests' from command line to 'False'
[0.235s] DEBUG:colcon.colcon_core.verb:Building package 'caato2_stm' with the following arguments: {'ament_cmake_args': None, 'bazel_args': None, 'bazel_task': None, 'build_base': '/home/dimsum/caato2_ws/src/caato2/build/caato2_stm', 'catkin_cmake_args': None, 'catkin_skip_building_tests': False, 'cmake_args': None, 'cmake_clean_cache': False, 'cmake_clean_first': False, 'cmake_force_configure': False, 'cmake_target': None, 'cmake_target_skip_unavailable': False, 'install_base': '/home/dimsum/caato2_ws/src/caato2/install/caato2_stm', 'merge_install': False, 'path': '/home/dimsum/caato2_ws/src/caato2/caato2_stm', 'symlink_install': False, 'test_result_base': None}
[0.237s] Level 5:colcon.colcon_core.verb:set package 'check_charging' build argument 'bazel_args' from command line to 'None'
[0.237s] Level 5:colcon.colcon_core.verb:set package 'check_charging' build argument 'bazel_task' from command line to 'None'
[0.237s] Level 5:colcon.colcon_core.verb:set package 'check_charging' build argument 'cmake_args' from command line to 'None'
[0.237s] Level 5:colcon.colcon_core.verb:set package 'check_charging' build argument 'cmake_target' from command line to 'None'
[0.237s] Level 5:colcon.colcon_core.verb:set package 'check_charging' build argument 'cmake_target_skip_unavailable' from command line to 'False'
[0.237s] Level 5:colcon.colcon_core.verb:set package 'check_charging' build argument 'cmake_clean_cache' from command line to 'False'
[0.237s] Level 5:colcon.colcon_core.verb:set package 'check_charging' build argument 'cmake_clean_first' from command line to 'False'
[0.237s] Level 5:colcon.colcon_core.verb:set package 'check_charging' build argument 'cmake_force_configure' from command line to 'False'
[0.237s] Level 5:colcon.colcon_core.verb:set package 'check_charging' build argument 'ament_cmake_args' from command line to 'None'
[0.237s] Level 5:colcon.colcon_core.verb:set package 'check_charging' build argument 'catkin_cmake_args' from command line to 'None'
[0.237s] Level 5:colcon.colcon_core.verb:set package 'check_charging' build argument 'catkin_skip_building_tests' from command line to 'False'
[0.237s] DEBUG:colcon.colcon_core.verb:Building package 'check_charging' with the following arguments: {'ament_cmake_args': None, 'bazel_args': None, 'bazel_task': None, 'build_base': '/home/dimsum/caato2_ws/src/caato2/build/check_charging', 'catkin_cmake_args': None, 'catkin_skip_building_tests': False, 'cmake_args': None, 'cmake_clean_cache': False, 'cmake_clean_first': False, 'cmake_force_configure': False, 'cmake_target': None, 'cmake_target_skip_unavailable': False, 'install_base': '/home/dimsum/caato2_ws/src/caato2/install/check_charging', 'merge_install': False, 'path': '/home/dimsum/caato2_ws/src/caato2/check_charging', 'symlink_install': False, 'test_result_base': None}
[0.238s] Level 5:colcon.colcon_core.verb:set package 'caato2_bringup' build argument 'bazel_args' from command line to 'None'
[0.238s] Level 5:colcon.colcon_core.verb:set package 'caato2_bringup' build argument 'bazel_task' from command line to 'None'
[0.238s] Level 5:colcon.colcon_core.verb:set package 'caato2_bringup' build argument 'cmake_args' from command line to 'None'
[0.238s] Level 5:colcon.colcon_core.verb:set package 'caato2_bringup' build argument 'cmake_target' from command line to 'None'
[0.238s] Level 5:colcon.colcon_core.verb:set package 'caato2_bringup' build argument 'cmake_target_skip_unavailable' from command line to 'False'
[0.238s] Level 5:colcon.colcon_core.verb:set package 'caato2_bringup' build argument 'cmake_clean_cache' from command line to 'False'
[0.238s] Level 5:colcon.colcon_core.verb:set package 'caato2_bringup' build argument 'cmake_clean_first' from command line to 'False'
[0.238s] Level 5:colcon.colcon_core.verb:set package 'caato2_bringup' build argument 'cmake_force_configure' from command line to 'False'
[0.238s] Level 5:colcon.colcon_core.verb:set package 'caato2_bringup' build argument 'ament_cmake_args' from command line to 'None'
[0.238s] Level 5:colcon.colcon_core.verb:set package 'caato2_bringup' build argument 'catkin_cmake_args' from command line to 'None'
[0.238s] Level 5:colcon.colcon_core.verb:set package 'caato2_bringup' build argument 'catkin_skip_building_tests' from command line to 'False'
[0.238s] DEBUG:colcon.colcon_core.verb:Building package 'caato2_bringup' with the following arguments: {'ament_cmake_args': None, 'bazel_args': None, 'bazel_task': None, 'build_base': '/home/dimsum/caato2_ws/src/caato2/build/caato2_bringup', 'catkin_cmake_args': None, 'catkin_skip_building_tests': False, 'cmake_args': None, 'cmake_clean_cache': False, 'cmake_clean_first': False, 'cmake_force_configure': False, 'cmake_target': None, 'cmake_target_skip_unavailable': False, 'install_base': '/home/dimsum/caato2_ws/src/caato2/install/caato2_bringup', 'merge_install': False, 'path': '/home/dimsum/caato2_ws/src/caato2/caato2_bringup', 'symlink_install': False, 'test_result_base': None}
[0.239s] Level 5:colcon.colcon_core.verb:set package 'caato2_gazebo' build argument 'bazel_args' from command line to 'None'
[0.239s] Level 5:colcon.colcon_core.verb:set package 'caato2_gazebo' build argument 'bazel_task' from command line to 'None'
[0.239s] Level 5:colcon.colcon_core.verb:set package 'caato2_gazebo' build argument 'cmake_args' from command line to 'None'
[0.239s] Level 5:colcon.colcon_core.verb:set package 'caato2_gazebo' build argument 'cmake_target' from command line to 'None'
[0.239s] Level 5:colcon.colcon_core.verb:set package 'caato2_gazebo' build argument 'cmake_target_skip_unavailable' from command line to 'False'
[0.239s] Level 5:colcon.colcon_core.verb:set package 'caato2_gazebo' build argument 'cmake_clean_cache' from command line to 'False'
[0.239s] Level 5:colcon.colcon_core.verb:set package 'caato2_gazebo' build argument 'cmake_clean_first' from command line to 'False'
[0.239s] Level 5:colcon.colcon_core.verb:set package 'caato2_gazebo' build argument 'cmake_force_configure' from command line to 'False'
[0.239s] Level 5:colcon.colcon_core.verb:set package 'caato2_gazebo' build argument 'ament_cmake_args' from command line to 'None'
[0.239s] Level 5:colcon.colcon_core.verb:set package 'caato2_gazebo' build argument 'catkin_cmake_args' from command line to 'None'
[0.239s] Level 5:colcon.colcon_core.verb:set package 'caato2_gazebo' build argument 'catkin_skip_building_tests' from command line to 'False'
[0.239s] DEBUG:colcon.colcon_core.verb:Building package 'caato2_gazebo' with the following arguments: {'ament_cmake_args': None, 'bazel_args': None, 'bazel_task': None, 'build_base': '/home/dimsum/caato2_ws/src/caato2/build/caato2_gazebo', 'catkin_cmake_args': None, 'catkin_skip_building_tests': False, 'cmake_args': None, 'cmake_clean_cache': False, 'cmake_clean_first': False, 'cmake_force_configure': False, 'cmake_target': None, 'cmake_target_skip_unavailable': False, 'install_base': '/home/dimsum/caato2_ws/src/caato2/install/caato2_gazebo', 'merge_install': False, 'path': '/home/dimsum/caato2_ws/src/caato2/caato2_gazebo', 'symlink_install': False, 'test_result_base': None}
[0.240s] Level 5:colcon.colcon_core.verb:set package 'caato2_reverse_docker' build argument 'bazel_args' from command line to 'None'
[0.240s] Level 5:colcon.colcon_core.verb:set package 'caato2_reverse_docker' build argument 'bazel_task' from command line to 'None'
[0.240s] Level 5:colcon.colcon_core.verb:set package 'caato2_reverse_docker' build argument 'cmake_args' from command line to 'None'
[0.240s] Level 5:colcon.colcon_core.verb:set package 'caato2_reverse_docker' build argument 'cmake_target' from command line to 'None'
[0.240s] Level 5:colcon.colcon_core.verb:set package 'caato2_reverse_docker' build argument 'cmake_target_skip_unavailable' from command line to 'False'
[0.240s] Level 5:colcon.colcon_core.verb:set package 'caato2_reverse_docker' build argument 'cmake_clean_cache' from command line to 'False'
[0.240s] Level 5:colcon.colcon_core.verb:set package 'caato2_reverse_docker' build argument 'cmake_clean_first' from command line to 'False'
[0.240s] Level 5:colcon.colcon_core.verb:set package 'caato2_reverse_docker' build argument 'cmake_force_configure' from command line to 'False'
[0.240s] Level 5:colcon.colcon_core.verb:set package 'caato2_reverse_docker' build argument 'ament_cmake_args' from command line to 'None'
[0.240s] Level 5:colcon.colcon_core.verb:set package 'caato2_reverse_docker' build argument 'catkin_cmake_args' from command line to 'None'
[0.240s] Level 5:colcon.colcon_core.verb:set package 'caato2_reverse_docker' build argument 'catkin_skip_building_tests' from command line to 'False'
[0.240s] DEBUG:colcon.colcon_core.verb:Building package 'caato2_reverse_docker' with the following arguments: {'ament_cmake_args': None, 'bazel_args': None, 'bazel_task': None, 'build_base': '/home/dimsum/caato2_ws/src/caato2/build/caato2_reverse_docker', 'catkin_cmake_args': None, 'catkin_skip_building_tests': False, 'cmake_args': None, 'cmake_clean_cache': False, 'cmake_clean_first': False, 'cmake_force_configure': False, 'cmake_target': None, 'cmake_target_skip_unavailable': False, 'install_base': '/home/dimsum/caato2_ws/src/caato2/install/caato2_reverse_docker', 'merge_install': False, 'path': '/home/dimsum/caato2_ws/src/caato2/caato2_reverse_docker', 'symlink_install': False, 'test_result_base': None}
[0.241s] Level 5:colcon.colcon_core.verb:set package 'caato_fleet_client' build argument 'bazel_args' from command line to 'None'
[0.241s] Level 5:colcon.colcon_core.verb:set package 'caato_fleet_client' build argument 'bazel_task' from command line to 'None'
[0.241s] Level 5:colcon.colcon_core.verb:set package 'caato_fleet_client' build argument 'cmake_args' from command line to 'None'
[0.241s] Level 5:colcon.colcon_core.verb:set package 'caato_fleet_client' build argument 'cmake_target' from command line to 'None'
[0.241s] Level 5:colcon.colcon_core.verb:set package 'caato_fleet_client' build argument 'cmake_target_skip_unavailable' from command line to 'False'
[0.241s] Level 5:colcon.colcon_core.verb:set package 'caato_fleet_client' build argument 'cmake_clean_cache' from command line to 'False'
[0.241s] Level 5:colcon.colcon_core.verb:set package 'caato_fleet_client' build argument 'cmake_clean_first' from command line to 'False'
[0.241s] Level 5:colcon.colcon_core.verb:set package 'caato_fleet_client' build argument 'cmake_force_configure' from command line to 'False'
[0.241s] Level 5:colcon.colcon_core.verb:set package 'caato_fleet_client' build argument 'ament_cmake_args' from command line to 'None'
[0.242s] Level 5:colcon.colcon_core.verb:set package 'caato_fleet_client' build argument 'catkin_cmake_args' from command line to 'None'
[0.242s] Level 5:colcon.colcon_core.verb:set package 'caato_fleet_client' build argument 'catkin_skip_building_tests' from command line to 'False'
[0.242s] DEBUG:colcon.colcon_core.verb:Building package 'caato_fleet_client' with the following arguments: {'ament_cmake_args': None, 'bazel_args': None, 'bazel_task': None, 'build_base': '/home/dimsum/caato2_ws/src/caato2/build/caato_fleet_client', 'catkin_cmake_args': None, 'catkin_skip_building_tests': False, 'cmake_args': None, 'cmake_clean_cache': False, 'cmake_clean_first': False, 'cmake_force_configure': False, 'cmake_target': None, 'cmake_target_skip_unavailable': False, 'install_base': '/home/dimsum/caato2_ws/src/caato2/install/caato_fleet_client', 'merge_install': False, 'path': '/home/dimsum/caato2_ws/src/caato2/caato_fleet_client', 'symlink_install': False, 'test_result_base': None}
[0.243s] Level 5:colcon.colcon_core.verb:set package 'caato2_navigation' build argument 'bazel_args' from command line to 'None'
[0.243s] Level 5:colcon.colcon_core.verb:set package 'caato2_navigation' build argument 'bazel_task' from command line to 'None'
[0.243s] Level 5:colcon.colcon_core.verb:set package 'caato2_navigation' build argument 'cmake_args' from command line to 'None'
[0.243s] Level 5:colcon.colcon_core.verb:set package 'caato2_navigation' build argument 'cmake_target' from command line to 'None'
[0.243s] Level 5:colcon.colcon_core.verb:set package 'caato2_navigation' build argument 'cmake_target_skip_unavailable' from command line to 'False'
[0.243s] Level 5:colcon.colcon_core.verb:set package 'caato2_navigation' build argument 'cmake_clean_cache' from command line to 'False'
[0.243s] Level 5:colcon.colcon_core.verb:set package 'caato2_navigation' build argument 'cmake_clean_first' from command line to 'False'
[0.243s] Level 5:colcon.colcon_core.verb:set package 'caato2_navigation' build argument 'cmake_force_configure' from command line to 'False'
[0.243s] Level 5:colcon.colcon_core.verb:set package 'caato2_navigation' build argument 'ament_cmake_args' from command line to 'None'
[0.243s] Level 5:colcon.colcon_core.verb:set package 'caato2_navigation' build argument 'catkin_cmake_args' from command line to 'None'
[0.243s] Level 5:colcon.colcon_core.verb:set package 'caato2_navigation' build argument 'catkin_skip_building_tests' from command line to 'False'
[0.243s] DEBUG:colcon.colcon_core.verb:Building package 'caato2_navigation' with the following arguments: {'ament_cmake_args': None, 'bazel_args': None, 'bazel_task': None, 'build_base': '/home/dimsum/caato2_ws/src/caato2/build/caato2_navigation', 'catkin_cmake_args': None, 'catkin_skip_building_tests': False, 'cmake_args': None, 'cmake_clean_cache': False, 'cmake_clean_first': False, 'cmake_force_configure': False, 'cmake_target': None, 'cmake_target_skip_unavailable': False, 'install_base': '/home/dimsum/caato2_ws/src/caato2/install/caato2_navigation', 'merge_install': False, 'path': '/home/dimsum/caato2_ws/src/caato2/caato2_navigation', 'symlink_install': False, 'test_result_base': None}
[0.243s] INFO:colcon.colcon_core.executor:Executing jobs using 'parallel' executor
[0.246s] DEBUG:colcon.colcon_parallel_executor.executor.parallel:run_until_complete
[0.247s] INFO:colcon.colcon_ros.task.catkin.build:Building ROS package in '/home/dimsum/caato2_ws/src/caato2/caato2_description' with build type 'catkin'
[0.247s] INFO:colcon.colcon_cmake.task.cmake.build:Building CMake package in '/home/dimsum/caato2_ws/src/caato2/caato2_description'
[0.250s] INFO:colcon.colcon_core.plugin_system:Skipping extension 'colcon_core.shell.bat': Not used on non-Windows systems
[0.250s] INFO:colcon.colcon_core.shell:Skip shell extension 'powershell' for command environment: Not usable outside of PowerShell
[0.250s] DEBUG:colcon.colcon_core.shell:Skip shell extension 'dsv' for command environment
[0.254s] DEBUG:colcon.colcon_core.shell:Ignoring prefix path '/home/dimsum/caato2_ws/install/ouster_example'
[0.255s] DEBUG:colcon.colcon_core.shell:Ignoring prefix path '/home/dimsum/caato2_ws/install/ouster-gazebo-simulation'
[0.255s] DEBUG:colcon.colcon_core.shell:Ignoring prefix path '/home/dimsum/caato2_ws/install/Project'
[0.258s] INFO:colcon.colcon_ros.task.catkin.build:Building ROS package in '/home/dimsum/caato2_ws/src/caato2/caato2_stm' with build type 'catkin'
[0.258s] INFO:colcon.colcon_cmake.task.cmake.build:Building CMake package in '/home/dimsum/caato2_ws/src/caato2/caato2_stm'
[0.260s] INFO:colcon.colcon_core.shell:Skip shell extension 'powershell' for command environment: Not usable outside of PowerShell
[0.260s] DEBUG:colcon.colcon_core.shell:Skip shell extension 'dsv' for command environment
[0.265s] DEBUG:colcon.colcon_core.shell:Ignoring prefix path '/home/dimsum/caato2_ws/install/ouster_example'
[0.265s] DEBUG:colcon.colcon_core.shell:Ignoring prefix path '/home/dimsum/caato2_ws/install/ouster-gazebo-simulation'
[0.266s] DEBUG:colcon.colcon_core.shell:Ignoring prefix path '/home/dimsum/caato2_ws/install/Project'
[0.268s] INFO:colcon.colcon_ros.task.catkin.build:Building ROS package in '/home/dimsum/caato2_ws/src/caato2/caato2_examples' with build type 'catkin'
[0.268s] INFO:colcon.colcon_cmake.task.cmake.build:Building CMake package in '/home/dimsum/caato2_ws/src/caato2/caato2_examples'
[0.270s] INFO:colcon.colcon_core.shell:Skip shell extension 'powershell' for command environment: Not usable outside of PowerShell
[0.270s] DEBUG:colcon.colcon_core.shell:Skip shell extension 'dsv' for command environment
[0.274s] DEBUG:colcon.colcon_core.shell:Ignoring prefix path '/home/dimsum/caato2_ws/install/ouster_example'
[0.274s] DEBUG:colcon.colcon_core.shell:Ignoring prefix path '/home/dimsum/caato2_ws/install/ouster-gazebo-simulation'
[0.275s] DEBUG:colcon.colcon_core.shell:Ignoring prefix path '/home/dimsum/caato2_ws/install/Project'
[0.278s] INFO:colcon.colcon_ros.task.catkin.build:Building ROS package in '/home/dimsum/caato2_ws/src/caato2/check_charging' with build type 'catkin'
[0.279s] INFO:colcon.colcon_cmake.task.cmake.build:Building CMake package in '/home/dimsum/caato2_ws/src/caato2/check_charging'
[0.281s] INFO:colcon.colcon_core.shell:Skip shell extension 'powershell' for command environment: Not usable outside of PowerShell
[0.281s] DEBUG:colcon.colcon_core.shell:Skip shell extension 'dsv' for command environment
[0.285s] DEBUG:colcon.colcon_core.shell:Ignoring prefix path '/home/dimsum/caato2_ws/install/ouster_example'
[0.286s] DEBUG:colcon.colcon_core.shell:Ignoring prefix path '/home/dimsum/caato2_ws/install/ouster-gazebo-simulation'
[0.286s] DEBUG:colcon.colcon_core.shell:Ignoring prefix path '/home/dimsum/caato2_ws/install/Project'
[0.293s] DEBUG:colcon.colcon_core.event_handler.log_command:Invoking command in '/home/dimsum/caato2_ws/src/caato2/build/caato2_description': /usr/bin/cmake /home/dimsum/caato2_ws/src/caato2/caato2_description -DCATKIN_INSTALL_INTO_PREFIX_ROOT=0 -DCMAKE_INSTALL_PREFIX=/home/dimsum/caato2_ws/src/caato2/install/caato2_description
[0.298s] DEBUG:colcon.colcon_core.event_handler.log_command:Invoking command in '/home/dimsum/caato2_ws/src/caato2/build/caato2_stm': /usr/bin/cmake /home/dimsum/caato2_ws/src/caato2/caato2_stm -DCATKIN_INSTALL_INTO_PREFIX_ROOT=0 -DCMAKE_INSTALL_PREFIX=/home/dimsum/caato2_ws/src/caato2/install/caato2_stm
[0.300s] DEBUG:colcon.colcon_core.event_handler.log_command:Invoking command in '/home/dimsum/caato2_ws/src/caato2/build/caato2_examples': /usr/bin/cmake /home/dimsum/caato2_ws/src/caato2/caato2_examples -DCATKIN_INSTALL_INTO_PREFIX_ROOT=0 -DCMAKE_INSTALL_PREFIX=/home/dimsum/caato2_ws/src/caato2/install/caato2_examples
[0.305s] DEBUG:colcon.colcon_core.event_handler.log_command:Invoking command in '/home/dimsum/caato2_ws/src/caato2/build/check_charging': /usr/bin/cmake /home/dimsum/caato2_ws/src/caato2/check_charging -DCATKIN_INSTALL_INTO_PREFIX_ROOT=0 -DCMAKE_INSTALL_PREFIX=/home/dimsum/caato2_ws/src/caato2/install/check_charging
[1.729s] DEBUG:colcon.colcon_core.event_handler.log_command:Invoked command in '/home/dimsum/caato2_ws/src/caato2/build/caato2_description' returned '0': /usr/bin/cmake /home/dimsum/caato2_ws/src/caato2/caato2_description -DCATKIN_INSTALL_INTO_PREFIX_ROOT=0 -DCMAKE_INSTALL_PREFIX=/home/dimsum/caato2_ws/src/caato2/install/caato2_description
[1.732s] DEBUG:colcon.colcon_core.event_handler.log_command:Invoking command in '/home/dimsum/caato2_ws/src/caato2/build/caato2_description': /usr/bin/cmake --build /home/dimsum/caato2_ws/src/caato2/build/caato2_description -- -j12 -l12
[1.749s] DEBUG:colcon.colcon_core.event_handler.log_command:Invoked command in '/home/dimsum/caato2_ws/src/caato2/build/caato2_examples' returned '0': /usr/bin/cmake /home/dimsum/caato2_ws/src/caato2/caato2_examples -DCATKIN_INSTALL_INTO_PREFIX_ROOT=0 -DCMAKE_INSTALL_PREFIX=/home/dimsum/caato2_ws/src/caato2/install/caato2_examples
[1.751s] DEBUG:colcon.colcon_core.event_handler.log_command:Invoking command in '/home/dimsum/caato2_ws/src/caato2/build/caato2_examples': /usr/bin/cmake --build /home/dimsum/caato2_ws/src/caato2/build/caato2_examples -- -j12 -l12
[1.770s] DEBUG:colcon.colcon_core.event_handler.log_command:Invoked command in '/home/dimsum/caato2_ws/src/caato2/build/caato2_description' returned '0': /usr/bin/cmake --build /home/dimsum/caato2_ws/src/caato2/build/caato2_description -- -j12 -l12
[1.787s] DEBUG:colcon.colcon_core.event_handler.log_command:Invoked command in '/home/dimsum/caato2_ws/src/caato2/build/caato2_examples' returned '0': /usr/bin/cmake --build /home/dimsum/caato2_ws/src/caato2/build/caato2_examples -- -j12 -l12
[1.799s] DEBUG:colcon.colcon_core.event_handler.log_command:Invoking command in '/home/dimsum/caato2_ws/src/caato2/build/caato2_description': /usr/bin/cmake --build /home/dimsum/caato2_ws/src/caato2/build/caato2_description --target tests -- -j12 -l12
[1.819s] DEBUG:colcon.colcon_core.event_handler.log_command:Invoking command in '/home/dimsum/caato2_ws/src/caato2/build/caato2_examples': /usr/bin/cmake --build /home/dimsum/caato2_ws/src/caato2/build/caato2_examples --target tests -- -j12 -l12
[1.852s] DEBUG:colcon.colcon_core.event_handler.log_command:Invoked command in '/home/dimsum/caato2_ws/src/caato2/build/check_charging' returned '0': /usr/bin/cmake /home/dimsum/caato2_ws/src/caato2/check_charging -DCATKIN_INSTALL_INTO_PREFIX_ROOT=0 -DCMAKE_INSTALL_PREFIX=/home/dimsum/caato2_ws/src/caato2/install/check_charging
[1.853s] DEBUG:colcon.colcon_core.event_handler.log_command:Invoking command in '/home/dimsum/caato2_ws/src/caato2/build/check_charging': /usr/bin/cmake --build /home/dimsum/caato2_ws/src/caato2/build/check_charging -- -j12 -l12
[1.864s] DEBUG:colcon.colcon_core.event_handler.log_command:Invoked command in '/home/dimsum/caato2_ws/src/caato2/build/caato2_description' returned '0': /usr/bin/cmake --build /home/dimsum/caato2_ws/src/caato2/build/caato2_description --target tests -- -j12 -l12
[1.882s] DEBUG:colcon.colcon_core.event_handler.log_command:Invoked command in '/home/dimsum/caato2_ws/src/caato2/build/caato2_examples' returned '0': /usr/bin/cmake --build /home/dimsum/caato2_ws/src/caato2/build/caato2_examples --target tests -- -j12 -l12
[1.905s] DEBUG:colcon.colcon_core.event_handler.log_command:Invoking command in '/home/dimsum/caato2_ws/src/caato2/build/caato2_description': /usr/bin/cmake --install /home/dimsum/caato2_ws/src/caato2/build/caato2_description
[1.915s] DEBUG:colcon.colcon_core.event_handler.log_command:Invoking command in '/home/dimsum/caato2_ws/src/caato2/build/caato2_examples': /usr/bin/cmake --install /home/dimsum/caato2_ws/src/caato2/build/caato2_examples
[1.925s] DEBUG:colcon.colcon_core.event_handler.log_command:Invoked command in '/home/dimsum/caato2_ws/src/caato2/build/caato2_examples' returned '0': /usr/bin/cmake --install /home/dimsum/caato2_ws/src/caato2/build/caato2_examples
[1.955s] Level 1:colcon.colcon_core.shell:create_environment_hook('caato2_examples', 'ros_package_path')
[1.957s] INFO:colcon.colcon_core.shell:Creating environment hook '/home/dimsum/caato2_ws/src/caato2/install/caato2_examples/share/caato2_examples/hook/ros_package_path.ps1'
[1.957s] INFO:colcon.colcon_core.shell:Creating environment descriptor '/home/dimsum/caato2_ws/src/caato2/install/caato2_examples/share/caato2_examples/hook/ros_package_path.dsv'
[1.958s] INFO:colcon.colcon_core.shell:Creating environment hook '/home/dimsum/caato2_ws/src/caato2/install/caato2_examples/share/caato2_examples/hook/ros_package_path.sh'
[1.958s] Level 1:colcon.colcon_ros.task.catkin:checking '/home/dimsum/caato2_ws/src/caato2/install/caato2_examples/lib/python3/dist-packages'
[1.958s] Level 1:colcon.colcon_core.shell:create_environment_hook('caato2_examples', 'pkg_config_path')
[1.960s] INFO:colcon.colcon_core.shell:Creating environment hook '/home/dimsum/caato2_ws/src/caato2/install/caato2_examples/share/caato2_examples/hook/pkg_config_path.ps1'
[1.960s] INFO:colcon.colcon_core.shell:Creating environment descriptor '/home/dimsum/caato2_ws/src/caato2/install/caato2_examples/share/caato2_examples/hook/pkg_config_path.dsv'
[1.960s] INFO:colcon.colcon_core.shell:Creating environment hook '/home/dimsum/caato2_ws/src/caato2/install/caato2_examples/share/caato2_examples/hook/pkg_config_path.sh'
[1.963s] Level 1:colcon.colcon_core.shell:create_environment_hook('caato2_examples', 'pkg_config_path_multiarch')
[1.966s] INFO:colcon.colcon_core.shell:Creating environment hook '/home/dimsum/caato2_ws/src/caato2/install/caato2_examples/share/caato2_examples/hook/pkg_config_path_multiarch.ps1'
[1.967s] INFO:colcon.colcon_core.shell:Creating environment descriptor '/home/dimsum/caato2_ws/src/caato2/install/caato2_examples/share/caato2_examples/hook/pkg_config_path_multiarch.dsv'
[1.967s] INFO:colcon.colcon_core.shell:Creating environment hook '/home/dimsum/caato2_ws/src/caato2/install/caato2_examples/share/caato2_examples/hook/pkg_config_path_multiarch.sh'
[1.970s] Level 1:colcon.colcon_core.environment:create_environment_scripts_only(caato2_examples)
[1.977s] Level 1:colcon.colcon_core.environment:checking '/home/dimsum/caato2_ws/src/caato2/install/caato2_examples' for CMake module files
[1.978s] Level 1:colcon.colcon_core.environment:checking '/home/dimsum/caato2_ws/src/caato2/install/caato2_examples' for CMake config files
[1.978s] Level 1:colcon.colcon_core.shell:create_environment_hook('caato2_examples', 'cmake_prefix_path')
[1.980s] INFO:colcon.colcon_core.shell:Creating environment hook '/home/dimsum/caato2_ws/src/caato2/install/caato2_examples/share/caato2_examples/hook/cmake_prefix_path.ps1'
[1.980s] INFO:colcon.colcon_core.shell:Creating environment descriptor '/home/dimsum/caato2_ws/src/caato2/install/caato2_examples/share/caato2_examples/hook/cmake_prefix_path.dsv'
[1.981s] INFO:colcon.colcon_core.shell:Creating environment hook '/home/dimsum/caato2_ws/src/caato2/install/caato2_examples/share/caato2_examples/hook/cmake_prefix_path.sh'
[1.981s] Level 1:colcon.colcon_core.environment:checking '/home/dimsum/caato2_ws/src/caato2/install/caato2_examples/lib'
[1.982s] Level 1:colcon.colcon_core.environment:checking '/home/dimsum/caato2_ws/src/caato2/install/caato2_examples/bin'
[1.982s] Level 1:colcon.colcon_core.environment:checking '/home/dimsum/caato2_ws/src/caato2/install/caato2_examples/lib/pkgconfig/caato2_examples.pc'
[1.982s] Level 1:colcon.colcon_core.shell:create_environment_hook('caato2_examples', 'pkg_config')
[1.984s] INFO:colcon.colcon_core.shell:Creating environment hook '/home/dimsum/caato2_ws/src/caato2/install/caato2_examples/share/caato2_examples/hook/pkg_config.ps1'
[1.985s] INFO:colcon.colcon_core.shell:Creating environment descriptor '/home/dimsum/caato2_ws/src/caato2/install/caato2_examples/share/caato2_examples/hook/pkg_config.dsv'
[1.986s] INFO:colcon.colcon_core.shell:Creating environment hook '/home/dimsum/caato2_ws/src/caato2/install/caato2_examples/share/caato2_examples/hook/pkg_config.sh'
[1.987s] Level 1:colcon.colcon_core.environment:checking '/home/dimsum/caato2_ws/src/caato2/install/caato2_examples/lib/python3.8/site-packages'
[1.987s] Level 1:colcon.colcon_core.environment:checking '/home/dimsum/caato2_ws/src/caato2/install/caato2_examples/bin'
[1.988s] INFO:colcon.colcon_core.shell:Creating package script '/home/dimsum/caato2_ws/src/caato2/install/caato2_examples/share/caato2_examples/package.ps1'
[1.990s] INFO:colcon.colcon_core.shell:Creating package descriptor '/home/dimsum/caato2_ws/src/caato2/install/caato2_examples/share/caato2_examples/package.dsv'
[1.991s] INFO:colcon.colcon_core.shell:Creating package script '/home/dimsum/caato2_ws/src/caato2/install/caato2_examples/share/caato2_examples/package.sh'
[1.991s] INFO:colcon.colcon_core.shell:Creating package script '/home/dimsum/caato2_ws/src/caato2/install/caato2_examples/share/caato2_examples/package.bash'
[1.992s] INFO:colcon.colcon_core.shell:Creating package script '/home/dimsum/caato2_ws/src/caato2/install/caato2_examples/share/caato2_examples/package.zsh'
[1.993s] Level 1:colcon.colcon_core.environment:create_file_with_runtime_dependencies(/home/dimsum/caato2_ws/src/caato2/install/caato2_examples/share/colcon-core/packages/caato2_examples)
[1.995s] DEBUG:colcon.colcon_core.event_handler.log_command:Invoked command in '/home/dimsum/caato2_ws/src/caato2/build/caato2_description' returned '0': /usr/bin/cmake --install /home/dimsum/caato2_ws/src/caato2/build/caato2_description
[1.998s] DEBUG:colcon.colcon_core.event_handler.log_command:Invoked command in '/home/dimsum/caato2_ws/src/caato2/build/caato2_stm' returned '0': /usr/bin/cmake /home/dimsum/caato2_ws/src/caato2/caato2_stm -DCATKIN_INSTALL_INTO_PREFIX_ROOT=0 -DCMAKE_INSTALL_PREFIX=/home/dimsum/caato2_ws/src/caato2/install/caato2_stm
[1.999s] DEBUG:colcon.colcon_core.event_handler.log_command:Invoking command in '/home/dimsum/caato2_ws/src/caato2/build/caato2_stm': /usr/bin/cmake --build /home/dimsum/caato2_ws/src/caato2/build/caato2_stm -- -j12 -l12
[2.024s] Level 1:colcon.colcon_core.shell:create_environment_hook('caato2_description', 'ros_package_path')
[2.026s] INFO:colcon.colcon_core.shell:Creating environment hook '/home/dimsum/caato2_ws/src/caato2/install/caato2_description/share/caato2_description/hook/ros_package_path.ps1'
[2.027s] INFO:colcon.colcon_core.shell:Creating environment descriptor '/home/dimsum/caato2_ws/src/caato2/install/caato2_description/share/caato2_description/hook/ros_package_path.dsv'
[2.027s] INFO:colcon.colcon_core.shell:Creating environment hook '/home/dimsum/caato2_ws/src/caato2/install/caato2_description/share/caato2_description/hook/ros_package_path.sh'
[2.028s] Level 1:colcon.colcon_ros.task.catkin:checking '/home/dimsum/caato2_ws/src/caato2/install/caato2_description/lib/python3/dist-packages'
[2.028s] Level 1:colcon.colcon_core.shell:create_environment_hook('caato2_description', 'pkg_config_path')
[2.031s] INFO:colcon.colcon_core.shell:Creating environment hook '/home/dimsum/caato2_ws/src/caato2/install/caato2_description/share/caato2_description/hook/pkg_config_path.ps1'
[2.031s] INFO:colcon.colcon_core.shell:Creating environment descriptor '/home/dimsum/caato2_ws/src/caato2/install/caato2_description/share/caato2_description/hook/pkg_config_path.dsv'
[2.031s] INFO:colcon.colcon_core.shell:Creating environment hook '/home/dimsum/caato2_ws/src/caato2/install/caato2_description/share/caato2_description/hook/pkg_config_path.sh'
[2.032s] Level 1:colcon.colcon_core.shell:create_environment_hook('caato2_description', 'pkg_config_path_multiarch')
[2.034s] INFO:colcon.colcon_core.shell:Creating environment hook '/home/dimsum/caato2_ws/src/caato2/install/caato2_description/share/caato2_description/hook/pkg_config_path_multiarch.ps1'
[2.035s] INFO:colcon.colcon_core.shell:Creating environment descriptor '/home/dimsum/caato2_ws/src/caato2/install/caato2_description/share/caato2_description/hook/pkg_config_path_multiarch.dsv'
[2.035s] INFO:colcon.colcon_core.shell:Creating environment hook '/home/dimsum/caato2_ws/src/caato2/install/caato2_description/share/caato2_description/hook/pkg_config_path_multiarch.sh'
[2.037s] Level 1:colcon.colcon_core.environment:create_environment_scripts_only(caato2_description)
[2.042s] Level 1:colcon.colcon_core.environment:checking '/home/dimsum/caato2_ws/src/caato2/install/caato2_description' for CMake module files
[2.043s] Level 1:colcon.colcon_core.environment:checking '/home/dimsum/caato2_ws/src/caato2/install/caato2_description' for CMake config files
[2.044s] Level 1:colcon.colcon_core.shell:create_environment_hook('caato2_description', 'cmake_prefix_path')
[2.046s] INFO:colcon.colcon_core.shell:Creating environment hook '/home/dimsum/caato2_ws/src/caato2/install/caato2_description/share/caato2_description/hook/cmake_prefix_path.ps1'
[2.047s] INFO:colcon.colcon_core.shell:Creating environment descriptor '/home/dimsum/caato2_ws/src/caato2/install/caato2_description/share/caato2_description/hook/cmake_prefix_path.dsv'
[2.047s] INFO:colcon.colcon_core.shell:Creating environment hook '/home/dimsum/caato2_ws/src/caato2/install/caato2_description/share/caato2_description/hook/cmake_prefix_path.sh'
[2.048s] Level 1:colcon.colcon_core.environment:checking '/home/dimsum/caato2_ws/src/caato2/install/caato2_description/lib'
[2.048s] Level 1:colcon.colcon_core.environment:checking '/home/dimsum/caato2_ws/src/caato2/install/caato2_description/bin'
[2.048s] Level 1:colcon.colcon_core.environment:checking '/home/dimsum/caato2_ws/src/caato2/install/caato2_description/lib/pkgconfig/caato2_description.pc'
[2.048s] Level 1:colcon.colcon_core.shell:create_environment_hook('caato2_description', 'pkg_config')
[2.050s] INFO:colcon.colcon_core.shell:Creating environment hook '/home/dimsum/caato2_ws/src/caato2/install/caato2_description/share/caato2_description/hook/pkg_config.ps1'
[2.051s] INFO:colcon.colcon_core.shell:Creating environment descriptor '/home/dimsum/caato2_ws/src/caato2/install/caato2_description/share/caato2_description/hook/pkg_config.dsv'
[2.052s] INFO:colcon.colcon_core.shell:Creating environment hook '/home/dimsum/caato2_ws/src/caato2/install/caato2_description/share/caato2_description/hook/pkg_config.sh'
[2.053s] Level 1:colcon.colcon_core.environment:checking '/home/dimsum/caato2_ws/src/caato2/install/caato2_description/lib/python3.8/site-packages'
[2.054s] Level 1:colcon.colcon_core.environment:checking '/home/dimsum/caato2_ws/src/caato2/install/caato2_description/bin'
[2.057s] INFO:colcon.colcon_core.shell:Creating package script '/home/dimsum/caato2_ws/src/caato2/install/caato2_description/share/caato2_description/package.ps1'
[2.058s] INFO:colcon.colcon_core.shell:Creating package descriptor '/home/dimsum/caato2_ws/src/caato2/install/caato2_description/share/caato2_description/package.dsv'
[2.059s] INFO:colcon.colcon_core.shell:Creating package script '/home/dimsum/caato2_ws/src/caato2/install/caato2_description/share/caato2_description/package.sh'
[2.059s] INFO:colcon.colcon_core.shell:Creating package script '/home/dimsum/caato2_ws/src/caato2/install/caato2_description/share/caato2_description/package.bash'
[2.063s] INFO:colcon.colcon_core.shell:Creating package script '/home/dimsum/caato2_ws/src/caato2/install/caato2_description/share/caato2_description/package.zsh'
[2.063s] Level 1:colcon.colcon_core.environment:create_file_with_runtime_dependencies(/home/dimsum/caato2_ws/src/caato2/install/caato2_description/share/colcon-core/packages/caato2_description)
[2.065s] INFO:colcon.colcon_ros.task.catkin.build:Building ROS package in '/home/dimsum/caato2_ws/src/caato2/caato2_bringup' with build type 'catkin'
[2.065s] INFO:colcon.colcon_cmake.task.cmake.build:Building CMake package in '/home/dimsum/caato2_ws/src/caato2/caato2_bringup'
[2.068s] INFO:colcon.colcon_core.shell:Skip shell extension 'powershell' for command environment: Not usable outside of PowerShell
[2.068s] DEBUG:colcon.colcon_core.shell:Skip shell extension 'dsv' for command environment
[2.077s] DEBUG:colcon.colcon_core.shell:Ignoring prefix path '/home/dimsum/caato2_ws/install/ouster_example'
[2.079s] DEBUG:colcon.colcon_core.shell:Ignoring prefix path '/home/dimsum/caato2_ws/install/ouster-gazebo-simulation'
[2.080s] DEBUG:colcon.colcon_core.shell:Ignoring prefix path '/home/dimsum/caato2_ws/install/Project'
[2.094s] INFO:colcon.colcon_ros.task.catkin.build:Building ROS package in '/home/dimsum/caato2_ws/src/caato2/caato2_gazebo' with build type 'catkin'
[2.094s] INFO:colcon.colcon_cmake.task.cmake.build:Building CMake package in '/home/dimsum/caato2_ws/src/caato2/caato2_gazebo'
[2.096s] INFO:colcon.colcon_core.shell:Skip shell extension 'powershell' for command environment: Not usable outside of PowerShell
[2.096s] DEBUG:colcon.colcon_core.shell:Skip shell extension 'dsv' for command environment
[2.105s] DEBUG:colcon.colcon_core.shell:Ignoring prefix path '/home/dimsum/caato2_ws/install/ouster_example'
[2.106s] DEBUG:colcon.colcon_core.shell:Ignoring prefix path '/home/dimsum/caato2_ws/install/ouster-gazebo-simulation'
[2.107s] DEBUG:colcon.colcon_core.shell:Ignoring prefix path '/home/dimsum/caato2_ws/install/Project'
[2.125s] DEBUG:colcon.colcon_core.event_handler.log_command:Invoking command in '/home/dimsum/caato2_ws/src/caato2/build/caato2_bringup': CMAKE_PREFIX_PATH=/home/dimsum/caato2_ws/src/caato2/install/caato2_description:${CMAKE_PREFIX_PATH} PKG_CONFIG_PATH=/home/dimsum/caato2_ws/src/caato2/install/caato2_description/lib/x86_64-linux-gnu/pkgconfig:/home/dimsum/caato2_ws/src/caato2/install/caato2_description/lib/pkgconfig:${PKG_CONFIG_PATH} ROS_PACKAGE_PATH=/home/dimsum/caato2_ws/src/caato2/install/caato2_description/share:${ROS_PACKAGE_PATH} /usr/bin/cmake /home/dimsum/caato2_ws/src/caato2/caato2_bringup -DCATKIN_INSTALL_INTO_PREFIX_ROOT=0 -DCMAKE_INSTALL_PREFIX=/home/dimsum/caato2_ws/src/caato2/install/caato2_bringup
[2.137s] DEBUG:colcon.colcon_core.event_handler.log_command:Invoking command in '/home/dimsum/caato2_ws/src/caato2/build/caato2_gazebo': CMAKE_PREFIX_PATH=/home/dimsum/caato2_ws/src/caato2/install/caato2_description:${CMAKE_PREFIX_PATH} PKG_CONFIG_PATH=/home/dimsum/caato2_ws/src/caato2/install/caato2_description/lib/x86_64-linux-gnu/pkgconfig:/home/dimsum/caato2_ws/src/caato2/install/caato2_description/lib/pkgconfig:${PKG_CONFIG_PATH} ROS_PACKAGE_PATH=/home/dimsum/caato2_ws/src/caato2/install/caato2_description/share:${ROS_PACKAGE_PATH} /usr/bin/cmake /home/dimsum/caato2_ws/src/caato2/caato2_gazebo -DCATKIN_INSTALL_INTO_PREFIX_ROOT=0 -DCMAKE_INSTALL_PREFIX=/home/dimsum/caato2_ws/src/caato2/install/caato2_gazebo
[3.619s] DEBUG:colcon.colcon_parallel_executor.executor.parallel:run_until_complete was interrupted
[3.619s] DEBUG:colcon.colcon_parallel_executor.executor.parallel:run_until_complete again
[3.622s] Level 1:colcon.colcon_core.environment:create_environment_scripts_only(caato2_gazebo)
[3.624s] Level 1:colcon.colcon_core.environment:checking '/home/dimsum/caato2_ws/src/caato2/install/caato2_gazebo' for CMake module files
[3.624s] DEBUG:colcon.colcon_core.event_handler.log_command:Invoked command in '/home/dimsum/caato2_ws/src/caato2/build/caato2_gazebo' returned '-2': CMAKE_PREFIX_PATH=/home/dimsum/caato2_ws/src/caato2/install/caato2_description:${CMAKE_PREFIX_PATH} PKG_CONFIG_PATH=/home/dimsum/caato2_ws/src/caato2/install/caato2_description/lib/x86_64-linux-gnu/pkgconfig:/home/dimsum/caato2_ws/src/caato2/install/caato2_description/lib/pkgconfig:${PKG_CONFIG_PATH} ROS_PACKAGE_PATH=/home/dimsum/caato2_ws/src/caato2/install/caato2_description/share:${ROS_PACKAGE_PATH} /usr/bin/cmake /home/dimsum/caato2_ws/src/caato2/caato2_gazebo -DCATKIN_INSTALL_INTO_PREFIX_ROOT=0 -DCMAKE_INSTALL_PREFIX=/home/dimsum/caato2_ws/src/caato2/install/caato2_gazebo
[3.624s] Level 1:colcon.colcon_core.environment:checking '/home/dimsum/caato2_ws/src/caato2/install/caato2_gazebo' for CMake config files
[3.625s] Level 1:colcon.colcon_core.environment:checking '/home/dimsum/caato2_ws/src/caato2/install/caato2_gazebo/bin'
[3.625s] Level 1:colcon.colcon_core.environment:checking '/home/dimsum/caato2_ws/src/caato2/install/caato2_gazebo/lib/pkgconfig/caato2_gazebo.pc'
[3.625s] Level 1:colcon.colcon_core.environment:checking '/home/dimsum/caato2_ws/src/caato2/install/caato2_gazebo/lib/python3.8/site-packages'
[3.625s] Level 1:colcon.colcon_core.environment:checking '/home/dimsum/caato2_ws/src/caato2/install/caato2_gazebo/bin'
[3.626s] INFO:colcon.colcon_core.shell:Creating package script '/home/dimsum/caato2_ws/src/caato2/install/caato2_gazebo/share/caato2_gazebo/package.ps1'
[3.627s] INFO:colcon.colcon_core.shell:Creating package descriptor '/home/dimsum/caato2_ws/src/caato2/install/caato2_gazebo/share/caato2_gazebo/package.dsv'
[3.627s] INFO:colcon.colcon_core.shell:Creating package script '/home/dimsum/caato2_ws/src/caato2/install/caato2_gazebo/share/caato2_gazebo/package.sh'
[3.627s] INFO:colcon.colcon_core.shell:Creating package script '/home/dimsum/caato2_ws/src/caato2/install/caato2_gazebo/share/caato2_gazebo/package.bash'
[3.627s] INFO:colcon.colcon_core.shell:Creating package script '/home/dimsum/caato2_ws/src/caato2/install/caato2_gazebo/share/caato2_gazebo/package.zsh'
[3.628s] Level 1:colcon.colcon_core.environment:create_file_with_runtime_dependencies(/home/dimsum/caato2_ws/src/caato2/install/caato2_gazebo/share/colcon-core/packages/caato2_gazebo)
[3.640s] DEBUG:colcon.colcon_parallel_executor.executor.parallel:run_until_complete finished
[3.640s] DEBUG:colcon.colcon_parallel_executor.executor.parallel:closing loop
[3.640s] DEBUG:colcon.colcon_parallel_executor.executor.parallel:loop closed
[3.640s] DEBUG:colcon.colcon_core.event_reactor:joining thread
[3.647s] INFO:colcon.colcon_core.plugin_system:Skipping extension 'colcon_notification.desktop_notification.terminal_notifier': Not used on non-Darwin systems
[3.647s] INFO:colcon.colcon_core.plugin_system:Skipping extension 'colcon_notification.desktop_notification.win32': Not used on non-Windows systems
[3.647s] INFO:colcon.colcon_notification.desktop_notification:Sending desktop notification using 'notify2'
[3.659s] DEBUG:colcon.colcon_core.event_reactor:joined thread
[3.661s] INFO:colcon.colcon_core.shell:Creating prefix script '/home/dimsum/caato2_ws/src/caato2/install/local_setup.ps1'
[3.661s] INFO:colcon.colcon_core.shell:Creating prefix util module '/home/dimsum/caato2_ws/src/caato2/install/_local_setup_util_ps1.py'
[3.662s] INFO:colcon.colcon_core.shell:Creating prefix chain script '/home/dimsum/caato2_ws/src/caato2/install/setup.ps1'
[3.665s] INFO:colcon.colcon_core.shell:Creating prefix script '/home/dimsum/caato2_ws/src/caato2/install/local_setup.sh'
[3.665s] INFO:colcon.colcon_core.shell:Creating prefix util module '/home/dimsum/caato2_ws/src/caato2/install/_local_setup_util_sh.py'
[3.666s] INFO:colcon.colcon_core.shell:Creating prefix chain script '/home/dimsum/caato2_ws/src/caato2/install/setup.sh'
[3.668s] INFO:colcon.colcon_core.shell:Creating prefix script '/home/dimsum/caato2_ws/src/caato2/install/local_setup.bash'
[3.669s] INFO:colcon.colcon_core.shell:Creating prefix chain script '/home/dimsum/caato2_ws/src/caato2/install/setup.bash'
[3.671s] INFO:colcon.colcon_core.shell:Creating prefix script '/home/dimsum/caato2_ws/src/caato2/install/local_setup.zsh'
[3.671s] INFO:colcon.colcon_core.shell:Creating prefix chain script '/home/dimsum/caato2_ws/src/caato2/install/setup.zsh'
