-- The C compiler identification is GNU 9.4.0
-- The CXX compiler identification is GNU 9.4.0
-- Check for working C compiler: /usr/bin/cc
-- Check for working C compiler: /usr/bin/cc -- works
-- Detecting C compiler ABI info
-- Detecting C compiler ABI info - done
-- Detecting C compile features
-- Detecting C compile features - done
-- Check for working CXX compiler: /usr/bin/c++
-- Check for working CXX compiler: /usr/bin/c++ -- works
-- Detecting CXX compiler ABI info
-- Detecting CXX compiler ABI info - done
-- Detecting CXX compile features
-- Detecting CXX compile features - done
-- Using CATKIN_DEVEL_PREFIX: /home/dimsum/caato2_ws/src/caato2/build/caato2_stm/devel
-- Using CMAKE_PREFIX_PATH: /home/dimsum/caato2_ws/install/xnergy_charger_rcu;/home/dimsum/caato2_ws/install/trolley_arm;/home/dimsum/caato2_ws/install/teleop_twist_joy;/home/dimsum/caato2_ws/install/rviz_atc_plugins;/home/dimsum/caato2_ws/install/rosserial_xbee;/home/dimsum/caato2_ws/install/rosserial_windows;/home/dimsum/caato2_ws/install/rosserial_vex_v5;/home/dimsum/caato2_ws/install/rosserial_vex_cortex;/home/dimsum/caato2_ws/install/rosserial_tivac;/home/dimsum/caato2_ws/install/rosserial_test;/home/dimsum/caato2_ws/install/rosserial_server;/home/dimsum/caato2_ws/install/rosserial_arduino;/home/dimsum/caato2_ws/install/rosserial_python;/home/dimsum/caato2_ws/install/rosserial_mbed;/home/dimsum/caato2_ws/install/rosserial_embeddedlinux;/home/dimsum/caato2_ws/install/rosserial_chibios;/home/dimsum/caato2_ws/install/rosserial_client;/home/dimsum/caato2_ws/install/rosserial_msgs;/home/dimsum/caato2_ws/install/caato_teleop;/home/dimsum/caato2_ws/install/caato_slam;/home/dimsum/caato2_ws/install/caato_navigation;/home/dimsum/caato2_ws/install/caato_bringup;/home/dimsum/caato2_ws/install/caato2_navigation;/home/dimsum/caato2_ws/install/caato2_examples;/home/dimsum/caato2_ws/install/caato2_bringup;/home/dimsum/caato2_ws/install/roboteq_diff_driver;/home/dimsum/caato2_ws/install/roboteq_diff_msgs;/home/dimsum/caato2_ws/install/realsense_gazebo_plugin;/home/dimsum/caato2_ws/install/realsense2_description;/home/dimsum/caato2_ws/install/realsense2_camera;/home/dimsum/caato2_ws/install/plc_modbus_node;/home/dimsum/caato2_ws/install/ouster_example;/home/dimsum/caato2_ws/install/ouster-gazebo-simulation;/home/dimsum/caato2_ws/install/map_server;/home/dimsum/caato2_ws/install/laser_filters;/home/dimsum/caato2_ws/install/ira_laser_tools;/home/dimsum/caato2_ws/install/eband_local_planner;/home/dimsum/caato2_ws/install/ds4_driver;/home/dimsum/caato2_ws/install/device_diagnostics;/home/dimsum/caato2_ws/install/decada_sim_assets;/home/dimsum/caato2_ws/install/caato_gazebo;/home/dimsum/caato2_ws/install/caato_fleet_client;/home/dimsum/caato2_ws/install/caato_description;/home/dimsum/caato2_ws/install/caato_alexa;/home/dimsum/caato2_ws/install/caato2_reverse_docker;/home/dimsum/caato2_ws/install/caato2_stm;/home/dimsum/caato2_ws/install/caato2_gazebo;/home/dimsum/caato2_ws/install/caato2_description;/home/dimsum/caato2_ws/install/atc_waypoints;/home/dimsum/caato2_ws/install/atc_stm;/home/dimsum/caato2_ws/install/atc_utils;/home/dimsum/caato2_ws/install/atc_msgs;/home/dimsum/caato2_ws/install/apriltag_ros;/home/dimsum/caato2_ws/install/apriltag;/home/dimsum/caato2_ws/install/Project;/opt/ros/noetic
-- This workspace overlays: /home/dimsum/caato2_ws/install/xnergy_charger_rcu;/home/dimsum/caato2_ws/install/trolley_arm;/home/dimsum/caato2_ws/install/teleop_twist_joy;/home/dimsum/caato2_ws/install/rviz_atc_plugins;/home/dimsum/caato2_ws/install/rosserial_xbee;/home/dimsum/caato2_ws/install/rosserial_windows;/home/dimsum/caato2_ws/install/rosserial_vex_v5;/home/dimsum/caato2_ws/install/rosserial_vex_cortex;/home/dimsum/caato2_ws/install/rosserial_tivac;/home/dimsum/caato2_ws/install/rosserial_test;/home/dimsum/caato2_ws/install/rosserial_server;/home/dimsum/caato2_ws/install/rosserial_arduino;/home/dimsum/caato2_ws/install/rosserial_python;/home/dimsum/caato2_ws/install/rosserial_mbed;/home/dimsum/caato2_ws/install/rosserial_embeddedlinux;/home/dimsum/caato2_ws/install/rosserial_chibios;/home/dimsum/caato2_ws/install/rosserial_client;/home/dimsum/caato2_ws/install/rosserial_msgs;/home/dimsum/caato2_ws/install/caato_teleop;/home/dimsum/caato2_ws/install/caato_slam;/home/dimsum/caato2_ws/install/caato_navigation;/home/dimsum/caato2_ws/install/caato_bringup;/home/dimsum/caato2_ws/install/caato2_navigation;/home/dimsum/caato2_ws/install/caato2_examples;/home/dimsum/caato2_ws/install/caato2_bringup;/home/dimsum/caato2_ws/install/roboteq_diff_driver;/home/dimsum/caato2_ws/install/roboteq_diff_msgs;/home/dimsum/caato2_ws/install/realsense_gazebo_plugin;/home/dimsum/caato2_ws/install/realsense2_description;/home/dimsum/caato2_ws/install/realsense2_camera;/home/dimsum/caato2_ws/install/plc_modbus_node;/home/dimsum/caato2_ws/install/ouster_example;/home/dimsum/caato2_ws/install/ouster-gazebo-simulation;/home/dimsum/caato2_ws/install/map_server;/home/dimsum/caato2_ws/install/laser_filters;/home/dimsum/caato2_ws/install/ira_laser_tools;/home/dimsum/caato2_ws/install/eband_local_planner;/home/dimsum/caato2_ws/install/ds4_driver;/home/dimsum/caato2_ws/install/device_diagnostics;/home/dimsum/caato2_ws/install/decada_sim_assets;/home/dimsum/caato2_ws/install/caato_gazebo;/home/dimsum/caato2_ws/install/caato_fleet_client;/home/dimsum/caato2_ws/install/caato_description;/home/dimsum/caato2_ws/install/caato_alexa;/home/dimsum/caato2_ws/install/caato2_reverse_docker;/home/dimsum/caato2_ws/install/caato2_stm;/home/dimsum/caato2_ws/install/caato2_gazebo;/home/dimsum/caato2_ws/install/caato2_description;/home/dimsum/caato2_ws/install/atc_waypoints;/home/dimsum/caato2_ws/install/atc_stm;/home/dimsum/caato2_ws/install/atc_utils;/home/dimsum/caato2_ws/install/atc_msgs;/home/dimsum/caato2_ws/install/apriltag_ros;/home/dimsum/caato2_ws/install/Project;/opt/ros/noetic
-- Found PythonInterp: /usr/bin/python3 (found suitable version "3.8.10", minimum required is "3") 
-- Using PYTHON_EXECUTABLE: /usr/bin/python3
-- Using Debian Python package layout
-- Found PY_em: /usr/lib/python3/dist-packages/em.py  
-- Using empy: /usr/lib/python3/dist-packages/em.py
-- Using CATKIN_ENABLE_TESTING: ON
-- Call enable_testing()
-- Using CATKIN_TEST_RESULTS_DIR: /home/dimsum/caato2_ws/src/caato2/build/caato2_stm/test_results
-- Forcing gtest/gmock from source, though one was otherwise available.
-- Found gtest sources under '/usr/src/googletest': gtests will be built
-- Found gmock sources under '/usr/src/googletest': gmock will be built
-- Found PythonInterp: /usr/bin/python3 (found version "3.8.10") 
-- Found Threads: TRUE  
-- Using Python nosetests: /usr/bin/nosetests3
-- catkin 0.8.10
-- BUILD_SHARED_LIBS is on
-- Using these message generators: gencpp;geneus;genlisp;gennodejs;genpy
-- caato2_stm: 2 messages, 3 services
-- Configuring done
-- Generating done
-- Build files have been written to: /home/dimsum/caato2_ws/src/caato2/build/caato2_stm
[35m[1mScanning dependencies of target _caato2_stm_generate_messages_check_deps_navigation_state[0m
[35m[1mScanning dependencies of target rosgraph_msgs_generate_messages_nodejs[0m
[35m[1mScanning dependencies of target geometry_msgs_generate_messages_nodejs[0m
[35m[1mScanning dependencies of target _caato2_stm_generate_messages_check_deps_navigate_sequence[0m
[35m[1mScanning dependencies of target actionlib_generate_messages_cpp[0m
[35m[1mScanning dependencies of target _caato2_stm_generate_messages_check_deps_change_robot_state[0m
[35m[1mScanning dependencies of target actionlib_msgs_generate_messages_nodejs[0m
[35m[1mScanning dependencies of target std_msgs_generate_messages_nodejs[0m
[35m[1mScanning dependencies of target actionlib_msgs_generate_messages_py[0m
[35m[1mScanning dependencies of target _caato2_stm_generate_messages_check_deps_caato_state[0m
[35m[1mScanning dependencies of target _caato2_stm_generate_messages_check_deps_navigate_goal[0m
[35m[1mScanning dependencies of target actionlib_generate_messages_py[0m
[  0%] Built target rosgraph_msgs_generate_messages_nodejs
[  0%] Built target geometry_msgs_generate_messages_nodejs
[  0%] Built target actionlib_generate_messages_cpp
[  0%] Built target std_msgs_generate_messages_nodejs
[  0%] Built target actionlib_msgs_generate_messages_nodejs
[35m[1mScanning dependencies of target actionlib_msgs_generate_messages_eus[0m
[  0%] Built target actionlib_generate_messages_py
[  0%] Built target actionlib_msgs_generate_messages_py
[35m[1mScanning dependencies of target rosgraph_msgs_generate_messages_lisp[0m
[35m[1mScanning dependencies of target std_msgs_generate_messages_eus[0m
[35m[1mScanning dependencies of target rosgraph_msgs_generate_messages_eus[0m
[  0%] Built target actionlib_msgs_generate_messages_eus
[35m[1mScanning dependencies of target roscpp_generate_messages_py[0m
[35m[1mScanning dependencies of target navigation_manager[0m
[  0%] Built target _caato2_stm_generate_messages_check_deps_navigation_state
[  0%] Built target _caato2_stm_generate_messages_check_deps_navigate_sequence
[  0%] Built target std_msgs_generate_messages_eus
[35m[1mScanning dependencies of target geometry_msgs_generate_messages_eus[0m
[  0%] Built target rosgraph_msgs_generate_messages_eus
[  0%] Built target rosgraph_msgs_generate_messages_lisp
[35m[1mScanning dependencies of target move_base_msgs_generate_messages_py[0m
[  0%] Built target _caato2_stm_generate_messages_check_deps_caato_state
[  0%] Built target roscpp_generate_messages_py
[35m[1mScanning dependencies of target std_msgs_generate_messages_py[0m
[35m[1mScanning dependencies of target roscpp_generate_messages_cpp[0m
[  0%] Built target _caato2_stm_generate_messages_check_deps_change_robot_state
[35m[1mScanning dependencies of target roscpp_generate_messages_eus[0m
[  0%] Built target geometry_msgs_generate_messages_eus
[  0%] Built target _caato2_stm_generate_messages_check_deps_navigate_goal
[35m[1mScanning dependencies of target geometry_msgs_generate_messages_py[0m
[  0%] Built target roscpp_generate_messages_cpp
[  2%] [32mBuilding CXX object CMakeFiles/navigation_manager.dir/src/navigation_manager.cpp.o[0m
[  2%] Built target move_base_msgs_generate_messages_py
[  2%] Built target roscpp_generate_messages_eus
[  2%] Built target std_msgs_generate_messages_py
[35m[1mScanning dependencies of target roscpp_generate_messages_lisp[0m
[35m[1mScanning dependencies of target rosgraph_msgs_generate_messages_py[0m
[35m[1mScanning dependencies of target actionlib_generate_messages_lisp[0m
[35m[1mScanning dependencies of target geometry_msgs_generate_messages_cpp[0m
[35m[1mScanning dependencies of target std_msgs_generate_messages_cpp[0m
[35m[1mScanning dependencies of target roscpp_generate_messages_nodejs[0m
[  2%] Built target geometry_msgs_generate_messages_py
[35m[1mScanning dependencies of target geometry_msgs_generate_messages_lisp[0m
[  2%] Built target roscpp_generate_messages_lisp
[  2%] Built target rosgraph_msgs_generate_messages_py
[  2%] Built target std_msgs_generate_messages_cpp
[  2%] Built target roscpp_generate_messages_nodejs
[  2%] Built target actionlib_generate_messages_lisp
[35m[1mScanning dependencies of target actionlib_generate_messages_eus[0m
[35m[1mScanning dependencies of target rosgraph_msgs_generate_messages_cpp[0m
[  2%] Built target geometry_msgs_generate_messages_cpp
[35m[1mScanning dependencies of target caato2_stm_generate_messages_py[0m
[35m[1mScanning dependencies of target actionlib_msgs_generate_messages_lisp[0m
[35m[1mScanning dependencies of target actionlib_msgs_generate_messages_cpp[0m
[  2%] Built target geometry_msgs_generate_messages_lisp
[  2%] Built target rosgraph_msgs_generate_messages_cpp
[35m[1mScanning dependencies of target move_base_msgs_generate_messages_cpp[0m
[  2%] Built target actionlib_generate_messages_eus
[35m[1mScanning dependencies of target std_msgs_generate_messages_lisp[0m
[35m[1mScanning dependencies of target move_base_msgs_generate_messages_lisp[0m
[35m[1mScanning dependencies of target move_base_msgs_generate_messages_eus[0m
[35m[1mScanning dependencies of target move_base_msgs_generate_messages_nodejs[0m
[  5%] [34m[1mGenerating Python from MSG caato2_stm/caato_state[0m
[  5%] Built target actionlib_msgs_generate_messages_lisp
[  5%] Built target std_msgs_generate_messages_lisp
[  5%] Built target move_base_msgs_generate_messages_cpp
[  5%] Built target actionlib_msgs_generate_messages_cpp
[  5%] Built target move_base_msgs_generate_messages_eus
[35m[1mScanning dependencies of target actionlib_generate_messages_nodejs[0m
[  5%] Built target move_base_msgs_generate_messages_lisp
[  8%] [34m[1mGenerating Python from MSG caato2_stm/navigation_state[0m
[  8%] Built target move_base_msgs_generate_messages_nodejs
[35m[1mScanning dependencies of target caato2_stm_generate_messages_nodejs[0m
[35m[1mScanning dependencies of target caato2_stm_generate_messages_eus[0m
[35m[1mScanning dependencies of target caato2_stm_generate_messages_lisp[0m
[ 11%] [34m[1mGenerating Python code from SRV caato2_stm/change_robot_state[0m
[35m[1mScanning dependencies of target caato2_stm_generate_messages_cpp[0m
[ 13%] [34m[1mGenerating Python code from SRV caato2_stm/navigate_sequence[0m
[35m[1mScanning dependencies of target caato2_stm[0m
[ 13%] Built target actionlib_generate_messages_nodejs
[ 16%] [34m[1mGenerating Python code from SRV caato2_stm/navigate_goal[0m
[ 19%] [34m[1mGenerating EusLisp code from caato2_stm/navigation_state.msg[0m
[ 22%] [34m[1mGenerating Javascript code from caato2_stm/caato_state.msg[0m
[ 27%] [34m[1mGenerating Lisp code from caato2_stm/caato_state.msg[0m
[ 27%] [34m[1mGenerating C++ code from caato2_stm/caato_state.msg[0m
[ 30%] [34m[1mGenerating EusLisp code from caato2_stm/caato_state.msg[0m
[ 33%] [32mBuilding CXX object CMakeFiles/caato2_stm.dir/src/cmd_vel_mux.cpp.o[0m
ERROR:  /home/dimsum/caato2_ws/src/caato2/caato2_stm/msg/docking_state.msg: _docking_state_code is not a legal message field name
ERROR:  /home/dimsum/caato2_ws/src/caato2/caato2_stm/msg/docking_state.msg: _docking_state_code is not a legal message field name
make[2]: *** [CMakeFiles/caato2_stm_generate_messages_lisp.dir/build.make:66: devel/share/common-lisp/ros/caato2_stm/msg/caato_state.lisp] Error 1
make[1]: *** [CMakeFiles/Makefile2:1822: CMakeFiles/caato2_stm_generate_messages_lisp.dir/all] Error 2
make[1]: *** Waiting for unfinished jobs....
make[2]: *** [CMakeFiles/caato2_stm_generate_messages_nodejs.dir/build.make:66: devel/share/gennodejs/ros/caato2_stm/msg/caato_state.js] Error 1
make[2]: *** Waiting for unfinished jobs....
[ 36%] [34m[1mGenerating Javascript code from caato2_stm/navigation_state.msg[0m
[ 38%] [34m[1mGenerating EusLisp code from caato2_stm/change_robot_state.srv[0m
ERROR:  /home/dimsum/caato2_ws/src/caato2/caato2_stm/msg/docking_state.msg: _docking_state_code is not a legal message field name
make[2]: *** [CMakeFiles/caato2_stm_generate_messages_eus.dir/build.make:72: devel/share/roseus/ros/caato2_stm/msg/navigation_state.l] Error 1
make[2]: *** Waiting for unfinished jobs....
ERROR:  /home/dimsum/caato2_ws/src/caato2/caato2_stm/msg/docking_state.msg: _docking_state_code is not a legal message field name
[ 41%] [34m[1mGenerating C++ code from caato2_stm/navigation_state.msg[0m
make[2]: *** [CMakeFiles/caato2_stm_generate_messages_eus.dir/build.make:67: devel/share/roseus/ros/caato2_stm/msg/caato_state.l] Error 1
ERROR:  /home/dimsum/caato2_ws/src/caato2/caato2_stm/msg/docking_state.msg: _docking_state_code is not a legal message field name
[ 44%] [34m[1mGenerating C++ code from caato2_stm/change_robot_state.srv[0m
make[2]: *** [CMakeFiles/caato2_stm_generate_messages_nodejs.dir/build.make:71: devel/share/gennodejs/ros/caato2_stm/msg/navigation_state.js] Error 1
make[1]: *** [CMakeFiles/Makefile2:1883: CMakeFiles/caato2_stm_generate_messages_nodejs.dir/all] Error 2
[ 47%] [34m[1mGenerating C++ code from caato2_stm/navigate_sequence.srv[0m
[ 50%] [34m[1mGenerating C++ code from caato2_stm/navigate_goal.srv[0m
make[1]: *** [CMakeFiles/Makefile2:488: CMakeFiles/caato2_stm_generate_messages_eus.dir/all] Error 2
[ 52%] [34m[1mGenerating Python msg __init__.py for caato2_stm[0m
[ 55%] [34m[1mGenerating Python srv __init__.py for caato2_stm[0m
[ 55%] Built target caato2_stm_generate_messages_cpp
[ 55%] Built target caato2_stm_generate_messages_py
make[2]: *** [CMakeFiles/navigation_manager.dir/build.make:63: CMakeFiles/navigation_manager.dir/src/navigation_manager.cpp.o] Interrupt
make[2]: *** [CMakeFiles/caato2_stm.dir/build.make:63: CMakeFiles/caato2_stm.dir/src/cmd_vel_mux.cpp.o] Interrupt
make[1]: *** [CMakeFiles/Makefile2:515: CMakeFiles/navigation_manager.dir/all] Interrupt
make[1]: *** [CMakeFiles/Makefile2:373: CMakeFiles/caato2_stm.dir/all] Interrupt
make: *** [Makefile:141: all] Interrupt
