ERROR:  /home/dimsum/caato2_ws/src/caato2/caato2_stm/msg/docking_state.msg: _docking_state_code is not a legal message field name
make[2]: *** [CMakeFiles/caato2_stm_generate_messages_lisp.dir/build.make:66: devel/share/common-lisp/ros/caato2_stm/msg/caato_state.lisp] Error 1
make[1]: *** [CMakeFiles/Makefile2:1822: CMakeFiles/caato2_stm_generate_messages_lisp.dir/all] Error 2
make[1]: *** Waiting for unfinished jobs....
ERROR:  /home/dimsum/caato2_ws/src/caato2/caato2_stm/msg/docking_state.msg: _docking_state_code is not a legal message field name
ERROR:  /home/dimsum/caato2_ws/src/caato2/caato2_stm/msg/docking_state.msg: _docking_state_code is not a legal message field name
make[2]: *** [CMakeFiles/caato2_stm_generate_messages_nodejs.dir/build.make:71: devel/share/gennodejs/ros/caato2_stm/msg/navigation_state.js] Error 1
make[2]: *** Waiting for unfinished jobs....
make[2]: *** [CMakeFiles/caato2_stm_generate_messages_nodejs.dir/build.make:66: devel/share/gennodejs/ros/caato2_stm/msg/caato_state.js] Error 1
make[1]: *** [CMakeFiles/Makefile2:1883: CMakeFiles/caato2_stm_generate_messages_nodejs.dir/all] Error 2
ERROR:  /home/dimsum/caato2_ws/src/caato2/caato2_stm/msg/docking_state.msg: _docking_state_code is not a legal message field name
make[2]: *** [CMakeFiles/caato2_stm_generate_messages_eus.dir/build.make:67: devel/share/roseus/ros/caato2_stm/msg/caato_state.l] Error 1
make[2]: *** Waiting for unfinished jobs....
ERROR:  /home/dimsum/caato2_ws/src/caato2/caato2_stm/msg/docking_state.msg: _docking_state_code is not a legal message field name
make[2]: *** [CMakeFiles/caato2_stm_generate_messages_eus.dir/build.make:72: devel/share/roseus/ros/caato2_stm/msg/navigation_state.l] Error 1
make[1]: *** [CMakeFiles/Makefile2:488: CMakeFiles/caato2_stm_generate_messages_eus.dir/all] Error 2
make[2]: *** [CMakeFiles/navigation_manager.dir/build.make:63: CMakeFiles/navigation_manager.dir/src/navigation_manager.cpp.o] Interrupt
make[2]: *** [CMakeFiles/caato2_stm.dir/build.make:63: CMakeFiles/caato2_stm.dir/src/cmd_vel_mux.cpp.o] Interrupt
make[1]: *** [CMakeFiles/Makefile2:373: CMakeFiles/caato2_stm.dir/all] Interrupt
make[1]: *** [CMakeFiles/Makefile2:515: CMakeFiles/navigation_manager.dir/all] Interrupt
make: *** [Makefile:141: all] Interrupt
