[0.037s] Invoking command in '/home/dimsum/caato2_ws/src/caato2/build/caato2_stm': /usr/bin/cmake /home/dimsum/caato2_ws/src/caato2/caato2_stm -DCATKIN_INSTALL_INTO_PREFIX_ROOT=0 -DCMAKE_INSTALL_PREFIX=/home/dimsum/caato2_ws/src/caato2/install/caato2_stm
[0.102s] -- The C compiler identification is GNU 9.4.0
[0.158s] -- The CXX compiler identification is GNU 9.4.0
[0.166s] -- Check for working C compiler: /usr/bin/cc
[0.225s] -- Check for working C compiler: /usr/bin/cc -- works
[0.227s] -- Detecting C compiler ABI info
[0.286s] -- Detecting C compiler ABI info - done
[0.298s] -- Detecting C compile features
[0.298s] -- Detecting C compile features - done
[0.301s] -- Check for working CXX compiler: /usr/bin/c++
[0.362s] -- Check for working CXX compiler: /usr/bin/c++ -- works
[0.363s] -- Detecting CXX compiler ABI info
[0.425s] -- Detecting CXX compiler ABI info - done
[0.438s] -- Detecting CXX compile features
[0.438s] -- Detecting CXX compile features - done
[0.443s] -- Using CATKIN_DEVEL_PREFIX: /home/dimsum/caato2_ws/src/caato2/build/caato2_stm/devel
[0.443s] -- Using CMAKE_PREFIX_PATH: /home/dimsum/caato2_ws/install/check_charging;/home/dimsum/caato2_ws/install/xnergy_charger_rcu;/home/dimsum/caato2_ws/install/trolley_arm;/home/dimsum/caato2_ws/install/teleop_twist_joy;/home/dimsum/caato2_ws/install/rviz_atc_plugins;/home/dimsum/caato2_ws/install/rosserial_xbee;/home/dimsum/caato2_ws/install/rosserial_windows;/home/dimsum/caato2_ws/install/rosserial_vex_v5;/home/dimsum/caato2_ws/install/rosserial_vex_cortex;/home/dimsum/caato2_ws/install/rosserial_tivac;/home/dimsum/caato2_ws/install/rosserial_test;/home/dimsum/caato2_ws/install/rosserial_server;/home/dimsum/caato2_ws/install/rosserial_arduino;/home/dimsum/caato2_ws/install/rosserial_python;/home/dimsum/caato2_ws/install/rosserial_mbed;/home/dimsum/caato2_ws/install/rosserial_embeddedlinux;/home/dimsum/caato2_ws/install/rosserial_chibios;/home/dimsum/caato2_ws/install/rosserial_client;/home/dimsum/caato2_ws/install/rosserial_msgs;/home/dimsum/caato2_ws/install/caato_teleop;/home/dimsum/caato2_ws/install/caato_slam;/home/dimsum/caato2_ws/install/caato_navigation;/home/dimsum/caato2_ws/install/caato_bringup;/home/dimsum/caato2_ws/install/caato2_navigation;/home/dimsum/caato2_ws/install/caato2_examples;/home/dimsum/caato2_ws/install/caato2_bringup;/home/dimsum/caato2_ws/install/roboteq_diff_driver;/home/dimsum/caato2_ws/install/roboteq_diff_msgs;/home/dimsum/caato2_ws/install/realsense_gazebo_plugin;/home/dimsum/caato2_ws/install/realsense2_description;/home/dimsum/caato2_ws/install/realsense2_camera;/home/dimsum/caato2_ws/install/plc_modbus_node;/home/dimsum/caato2_ws/install/ouster_example;/home/dimsum/caato2_ws/install/ouster-gazebo-simulation;/home/dimsum/caato2_ws/install/map_server;/home/dimsum/caato2_ws/install/laser_filters;/home/dimsum/caato2_ws/install/ira_laser_tools;/home/dimsum/caato2_ws/install/eband_local_planner;/home/dimsum/caato2_ws/install/ds4_driver;/home/dimsum/caato2_ws/install/device_diagnostics;/home/dimsum/caato2_ws/install/decada_sim_assets;/home/dimsum/caato2_ws/install/caato_gazebo;/home/dimsum/caato2_ws/install/caato_fleet_client;/home/dimsum/caato2_ws/install/caato_description;/home/dimsum/caato2_ws/install/caato_alexa;/home/dimsum/caato2_ws/install/caato2_reverse_docker;/home/dimsum/caato2_ws/install/caato2_stm;/home/dimsum/caato2_ws/install/caato2_gazebo;/home/dimsum/caato2_ws/install/caato2_description;/home/dimsum/caato2_ws/install/atc_waypoints;/home/dimsum/caato2_ws/install/atc_stm;/home/dimsum/caato2_ws/install/atc_utils;/home/dimsum/caato2_ws/install/atc_msgs;/home/dimsum/caato2_ws/install/apriltag_ros;/home/dimsum/caato2_ws/install/apriltag;/home/dimsum/caato2_ws/install/Project;/opt/ros/noetic
[0.445s] -- This workspace overlays: /home/dimsum/caato2_ws/install/check_charging;/home/dimsum/caato2_ws/install/xnergy_charger_rcu;/home/dimsum/caato2_ws/install/trolley_arm;/home/dimsum/caato2_ws/install/teleop_twist_joy;/home/dimsum/caato2_ws/install/rviz_atc_plugins;/home/dimsum/caato2_ws/install/rosserial_xbee;/home/dimsum/caato2_ws/install/rosserial_windows;/home/dimsum/caato2_ws/install/rosserial_vex_v5;/home/dimsum/caato2_ws/install/rosserial_vex_cortex;/home/dimsum/caato2_ws/install/rosserial_tivac;/home/dimsum/caato2_ws/install/rosserial_test;/home/dimsum/caato2_ws/install/rosserial_server;/home/dimsum/caato2_ws/install/rosserial_arduino;/home/dimsum/caato2_ws/install/rosserial_python;/home/dimsum/caato2_ws/install/rosserial_mbed;/home/dimsum/caato2_ws/install/rosserial_embeddedlinux;/home/dimsum/caato2_ws/install/rosserial_chibios;/home/dimsum/caato2_ws/install/rosserial_client;/home/dimsum/caato2_ws/install/rosserial_msgs;/home/dimsum/caato2_ws/install/caato_teleop;/home/dimsum/caato2_ws/install/caato_slam;/home/dimsum/caato2_ws/install/caato_navigation;/home/dimsum/caato2_ws/install/caato_bringup;/home/dimsum/caato2_ws/install/caato2_navigation;/home/dimsum/caato2_ws/install/caato2_examples;/home/dimsum/caato2_ws/install/caato2_bringup;/home/dimsum/caato2_ws/install/roboteq_diff_driver;/home/dimsum/caato2_ws/install/roboteq_diff_msgs;/home/dimsum/caato2_ws/install/realsense_gazebo_plugin;/home/dimsum/caato2_ws/install/realsense2_description;/home/dimsum/caato2_ws/install/realsense2_camera;/home/dimsum/caato2_ws/install/plc_modbus_node;/home/dimsum/caato2_ws/install/ouster_example;/home/dimsum/caato2_ws/install/ouster-gazebo-simulation;/home/dimsum/caato2_ws/install/map_server;/home/dimsum/caato2_ws/install/laser_filters;/home/dimsum/caato2_ws/install/ira_laser_tools;/home/dimsum/caato2_ws/install/eband_local_planner;/home/dimsum/caato2_ws/install/ds4_driver;/home/dimsum/caato2_ws/install/device_diagnostics;/home/dimsum/caato2_ws/install/decada_sim_assets;/home/dimsum/caato2_ws/install/caato_gazebo;/home/dimsum/caato2_ws/install/caato_fleet_client;/home/dimsum/caato2_ws/install/caato_description;/home/dimsum/caato2_ws/install/caato_alexa;/home/dimsum/caato2_ws/install/caato2_reverse_docker;/home/dimsum/caato2_ws/install/caato2_stm;/home/dimsum/caato2_ws/install/caato2_gazebo;/home/dimsum/caato2_ws/install/caato2_description;/home/dimsum/caato2_ws/install/atc_waypoints;/home/dimsum/caato2_ws/install/atc_stm;/home/dimsum/caato2_ws/install/atc_utils;/home/dimsum/caato2_ws/install/atc_msgs;/home/dimsum/caato2_ws/install/apriltag_ros;/home/dimsum/caato2_ws/install/Project;/opt/ros/noetic
[0.467s] -- Found PythonInterp: /usr/bin/python3 (found suitable version "3.8.10", minimum required is "3") 
[0.467s] -- Using PYTHON_EXECUTABLE: /usr/bin/python3
[0.468s] -- Using Debian Python package layout
[0.503s] -- Found PY_em: /usr/lib/python3/dist-packages/em.py  
[0.503s] -- Using empy: /usr/lib/python3/dist-packages/em.py
[0.632s] -- Using CATKIN_ENABLE_TESTING: ON
[0.632s] -- Call enable_testing()
[0.633s] -- Using CATKIN_TEST_RESULTS_DIR: /home/dimsum/caato2_ws/src/caato2/build/caato2_stm/test_results
[0.884s] -- Forcing gtest/gmock from source, though one was otherwise available.
[0.884s] -- Found gtest sources under '/usr/src/googletest': gtests will be built
[0.884s] -- Found gmock sources under '/usr/src/googletest': gmock will be built
[0.913s] -- Found PythonInterp: /usr/bin/python3 (found version "3.8.10") 
[0.914s] -- Found Threads: TRUE  
[0.919s] -- Using Python nosetests: /usr/bin/nosetests3
[0.974s] -- catkin 0.8.10
[0.974s] -- BUILD_SHARED_LIBS is on
[1.262s] -- Using these message generators: gencpp;geneus;genlisp;gennodejs;genpy
[1.504s] -- caato2_stm: 2 messages, 3 services
[1.690s] -- Configuring done
[1.724s] -- Generating done
[1.729s] -- Build files have been written to: /home/dimsum/caato2_ws/src/caato2/build/caato2_stm
[1.737s] Invoked command in '/home/dimsum/caato2_ws/src/caato2/build/caato2_stm' returned '0': /usr/bin/cmake /home/dimsum/caato2_ws/src/caato2/caato2_stm -DCATKIN_INSTALL_INTO_PREFIX_ROOT=0 -DCMAKE_INSTALL_PREFIX=/home/dimsum/caato2_ws/src/caato2/install/caato2_stm
[1.739s] Invoking command in '/home/dimsum/caato2_ws/src/caato2/build/caato2_stm': /usr/bin/cmake --build /home/dimsum/caato2_ws/src/caato2/build/caato2_stm -- -j12 -l12
[1.782s] [35m[1mScanning dependencies of target geometry_msgs_generate_messages_nodejs[0m
[1.782s] [35m[1mScanning dependencies of target actionlib_msgs_generate_messages_nodejs[0m
[1.782s] [35m[1mScanning dependencies of target _caato2_stm_generate_messages_check_deps_caato_state[0m
[1.782s] [35m[1mScanning dependencies of target std_msgs_generate_messages_nodejs[0m
[1.782s] [35m[1mScanning dependencies of target _caato2_stm_generate_messages_check_deps_navigation_state[0m
[1.782s] [35m[1mScanning dependencies of target rosgraph_msgs_generate_messages_nodejs[0m
[1.783s] [35m[1mScanning dependencies of target actionlib_generate_messages_cpp[0m
[1.783s] [35m[1mScanning dependencies of target _caato2_stm_generate_messages_check_deps_change_robot_state[0m
[1.783s] [35m[1mScanning dependencies of target _caato2_stm_generate_messages_check_deps_navigate_sequence[0m
[1.790s] [35m[1mScanning dependencies of target actionlib_generate_messages_py[0m
[1.793s] [35m[1mScanning dependencies of target actionlib_msgs_generate_messages_py[0m
[1.793s] [35m[1mScanning dependencies of target _caato2_stm_generate_messages_check_deps_navigate_goal[0m
[1.797s] [  0%] Built target geometry_msgs_generate_messages_nodejs
[1.797s] [  0%] Built target actionlib_msgs_generate_messages_nodejs
[1.802s] [  0%] Built target std_msgs_generate_messages_nodejs
[1.804s] [  0%] Built target rosgraph_msgs_generate_messages_nodejs
[1.804s] [  0%] Built target actionlib_generate_messages_py
[1.805s] [  0%] Built target actionlib_generate_messages_cpp
[1.810s] [  0%] Built target actionlib_msgs_generate_messages_py
[1.818s] [35m[1mScanning dependencies of target rosgraph_msgs_generate_messages_lisp[0m
[1.821s] [35m[1mScanning dependencies of target rosgraph_msgs_generate_messages_eus[0m
[1.821s] [35m[1mScanning dependencies of target geometry_msgs_generate_messages_eus[0m
[1.831s] [35m[1mScanning dependencies of target roscpp_generate_messages_py[0m
[1.831s] [35m[1mScanning dependencies of target navigation_manager[0m
[1.831s] [35m[1mScanning dependencies of target actionlib_msgs_generate_messages_eus[0m
[1.833s] [35m[1mScanning dependencies of target std_msgs_generate_messages_eus[0m
[1.848s] [  0%] Built target rosgraph_msgs_generate_messages_eus
[1.848s] [  0%] Built target rosgraph_msgs_generate_messages_lisp
[1.851s] [  0%] Built target roscpp_generate_messages_py
[1.851s] [  0%] Built target actionlib_msgs_generate_messages_eus
[1.856s] [  0%] Built target std_msgs_generate_messages_eus
[1.856s] [  0%] Built target _caato2_stm_generate_messages_check_deps_navigate_sequence
[1.857s] [  2%] Built target geometry_msgs_generate_messages_eus
[1.857s] [  2%] [32mBuilding CXX object CMakeFiles/navigation_manager.dir/src/navigation_manager.cpp.o[0m
[1.860s] [  2%] Built target _caato2_stm_generate_messages_check_deps_caato_state
[1.865s] [35m[1mScanning dependencies of target roscpp_generate_messages_eus[0m
[1.865s] [35m[1mScanning dependencies of target std_msgs_generate_messages_py[0m
[1.865s] [  2%] Built target _caato2_stm_generate_messages_check_deps_navigation_state
[1.866s] [35m[1mScanning dependencies of target roscpp_generate_messages_cpp[0m
[1.866s] [35m[1mScanning dependencies of target move_base_msgs_generate_messages_py[0m
[1.866s] [  2%] Built target _caato2_stm_generate_messages_check_deps_change_robot_state
[1.868s] [  2%] Built target _caato2_stm_generate_messages_check_deps_navigate_goal
[1.869s] [35m[1mScanning dependencies of target geometry_msgs_generate_messages_py[0m
[1.870s] [35m[1mScanning dependencies of target roscpp_generate_messages_lisp[0m
[1.879s] [  2%] Built target move_base_msgs_generate_messages_py
[1.879s] [35m[1mScanning dependencies of target actionlib_generate_messages_lisp[0m
[1.880s] [  2%] Built target roscpp_generate_messages_eus
[1.880s] [  2%] Built target std_msgs_generate_messages_py
[1.880s] [  2%] Built target roscpp_generate_messages_cpp
[1.882s] [35m[1mScanning dependencies of target rosgraph_msgs_generate_messages_py[0m
[1.887s] [  2%] Built target geometry_msgs_generate_messages_py
[1.890s] [  2%] Built target roscpp_generate_messages_lisp
[1.891s] [35m[1mScanning dependencies of target geometry_msgs_generate_messages_cpp[0m
[1.891s] [35m[1mScanning dependencies of target actionlib_msgs_generate_messages_cpp[0m
[1.893s] [35m[1mScanning dependencies of target std_msgs_generate_messages_cpp[0m
[1.894s] [35m[1mScanning dependencies of target roscpp_generate_messages_nodejs[0m
[1.895s] [  2%] Built target actionlib_generate_messages_lisp
[1.898s] [35m[1mScanning dependencies of target actionlib_msgs_generate_messages_lisp[0m
[1.898s] [  2%] Built target rosgraph_msgs_generate_messages_py
[1.902s] [35m[1mScanning dependencies of target rosgraph_msgs_generate_messages_cpp[0m
[1.903s] [35m[1mScanning dependencies of target actionlib_generate_messages_eus[0m
[1.904s] [35m[1mScanning dependencies of target caato2_stm_generate_messages_py[0m
[1.908s] [  2%] Built target actionlib_msgs_generate_messages_cpp
[1.909s] [  2%] Built target roscpp_generate_messages_nodejs
[1.909s] [  2%] Built target std_msgs_generate_messages_cpp
[1.910s] [35m[1mScanning dependencies of target geometry_msgs_generate_messages_lisp[0m
[1.911s] [35m[1mScanning dependencies of target std_msgs_generate_messages_lisp[0m
[1.921s] [  2%] Built target geometry_msgs_generate_messages_cpp
[1.923s] [  2%] Built target actionlib_msgs_generate_messages_lisp
[1.923s] [35m[1mScanning dependencies of target move_base_msgs_generate_messages_cpp[0m
[1.924s] [  5%] [34m[1mGenerating Python from MSG caato2_stm/navigation_state[0m
[1.924s] [35m[1mScanning dependencies of target move_base_msgs_generate_messages_eus[0m
[1.924s] [  5%] Built target rosgraph_msgs_generate_messages_cpp
[1.927s] [  5%] Built target geometry_msgs_generate_messages_lisp
[1.935s] [  8%] [34m[1mGenerating Python from MSG caato2_stm/caato_state[0m
[1.935s] [35m[1mScanning dependencies of target move_base_msgs_generate_messages_lisp[0m
[1.935s] [35m[1mScanning dependencies of target move_base_msgs_generate_messages_nodejs[0m
[1.940s] [ 11%] [34m[1mGenerating Python code from SRV caato2_stm/change_robot_state[0m
[1.942s] [ 13%] [34m[1mGenerating Python code from SRV caato2_stm/navigate_sequence[0m
[1.942s] [ 13%] Built target actionlib_generate_messages_eus
[1.947s] [ 13%] Built target std_msgs_generate_messages_lisp
[1.947s] [ 13%] Built target move_base_msgs_generate_messages_eus
[1.949s] [ 13%] Built target move_base_msgs_generate_messages_cpp
[1.951s] [ 13%] Built target move_base_msgs_generate_messages_nodejs
[1.955s] [35m[1mScanning dependencies of target actionlib_generate_messages_nodejs[0m
[1.955s] [35m[1mScanning dependencies of target caato2_stm[0m
[1.956s] [35m[1mScanning dependencies of target caato2_stm_generate_messages_nodejs[0m
[1.959s] [ 13%] Built target move_base_msgs_generate_messages_lisp
[1.968s] [35m[1mScanning dependencies of target caato2_stm_generate_messages_eus[0m
[1.968s] [35m[1mScanning dependencies of target caato2_stm_generate_messages_lisp[0m
[1.968s] [35m[1mScanning dependencies of target caato2_stm_generate_messages_cpp[0m
[1.969s] [ 13%] Built target actionlib_generate_messages_nodejs
[1.976s] [ 16%] [34m[1mGenerating Python code from SRV caato2_stm/navigate_goal[0m
[1.979s] [ 19%] [34m[1mGenerating Javascript code from caato2_stm/caato_state.msg[0m
[1.982s] [ 22%] [34m[1mGenerating EusLisp code from caato2_stm/caato_state.msg[0m
[1.987s] [ 25%] [34m[1mGenerating C++ code from caato2_stm/caato_state.msg[0m
[1.990s] [ 27%] [32mBuilding CXX object CMakeFiles/caato2_stm.dir/src/cmd_vel_mux.cpp.o[0m
[1.991s] [ 30%] [34m[1mGenerating Javascript code from caato2_stm/navigation_state.msg[0m
[1.991s] [ 33%] [34m[1mGenerating Lisp code from caato2_stm/caato_state.msg[0m
[2.076s] ERROR:  /home/dimsum/caato2_ws/src/caato2/caato2_stm/msg/docking_state.msg: _docking_state_code is not a legal message field name
[2.081s] make[2]: *** [CMakeFiles/caato2_stm_generate_messages_lisp.dir/build.make:66: devel/share/common-lisp/ros/caato2_stm/msg/caato_state.lisp] Error 1
[2.081s] make[1]: *** [CMakeFiles/Makefile2:1822: CMakeFiles/caato2_stm_generate_messages_lisp.dir/all] Error 2
[2.081s] make[1]: *** Waiting for unfinished jobs....
[2.085s] ERROR:  /home/dimsum/caato2_ws/src/caato2/caato2_stm/msg/docking_state.msg: _docking_state_code is not a legal message field name
[2.085s] ERROR:  /home/dimsum/caato2_ws/src/caato2/caato2_stm/msg/docking_state.msg: _docking_state_code is not a legal message field name
[2.091s] make[2]: *** [CMakeFiles/caato2_stm_generate_messages_nodejs.dir/build.make:71: devel/share/gennodejs/ros/caato2_stm/msg/navigation_state.js] Error 1
[2.091s] make[2]: *** Waiting for unfinished jobs....
[2.092s] make[2]: *** [CMakeFiles/caato2_stm_generate_messages_nodejs.dir/build.make:66: devel/share/gennodejs/ros/caato2_stm/msg/caato_state.js] Error 1
[2.092s] make[1]: *** [CMakeFiles/Makefile2:1883: CMakeFiles/caato2_stm_generate_messages_nodejs.dir/all] Error 2
[2.106s] [ 36%] [34m[1mGenerating C++ code from caato2_stm/navigation_state.msg[0m
[2.125s] [ 41%] [34m[1mGenerating C++ code from caato2_stm/change_robot_state.srv[0m
[2.126s] [ 41%] [34m[1mGenerating EusLisp code from caato2_stm/navigation_state.msg[0m
[2.129s] ERROR:  /home/dimsum/caato2_ws/src/caato2/caato2_stm/msg/docking_state.msg: _docking_state_code is not a legal message field name
[2.145s] make[2]: *** [CMakeFiles/caato2_stm_generate_messages_eus.dir/build.make:67: devel/share/roseus/ros/caato2_stm/msg/caato_state.l] Error 1
[2.145s] make[2]: *** Waiting for unfinished jobs....
[2.189s] [ 44%] [34m[1mGenerating C++ code from caato2_stm/navigate_sequence.srv[0m
[2.194s] [ 47%] [34m[1mGenerating C++ code from caato2_stm/navigate_goal.srv[0m
[2.244s] [ 52%] [34m[1mGenerating Python msg __init__.py for caato2_stm[0m
[2.244s] [ 52%] [34m[1mGenerating Python srv __init__.py for caato2_stm[0m
[2.251s] ERROR:  /home/dimsum/caato2_ws/src/caato2/caato2_stm/msg/docking_state.msg: _docking_state_code is not a legal message field name
[2.261s] make[2]: *** [CMakeFiles/caato2_stm_generate_messages_eus.dir/build.make:72: devel/share/roseus/ros/caato2_stm/msg/navigation_state.l] Error 1
[2.261s] make[1]: *** [CMakeFiles/Makefile2:488: CMakeFiles/caato2_stm_generate_messages_eus.dir/all] Error 2
[2.471s] [ 52%] Built target caato2_stm_generate_messages_py
[2.479s] [ 52%] Built target caato2_stm_generate_messages_cpp
[3.359s] make[2]: *** [CMakeFiles/navigation_manager.dir/build.make:63: CMakeFiles/navigation_manager.dir/src/navigation_manager.cpp.o] Interrupt
[3.359s] make[2]: *** [CMakeFiles/caato2_stm.dir/build.make:63: CMakeFiles/caato2_stm.dir/src/cmd_vel_mux.cpp.o] Interrupt
[3.359s] make[1]: *** [CMakeFiles/Makefile2:373: CMakeFiles/caato2_stm.dir/all] Interrupt
[3.360s] make[1]: *** [CMakeFiles/Makefile2:515: CMakeFiles/navigation_manager.dir/all] Interrupt
[3.360s] make: *** [Makefile:141: all] Interrupt
